#
# There is insufficient memory for the Java Runtime Environment to continue.
# Native memory allocation (mmap) failed to map 105906176 bytes for committing reserved memory.
# Possible reasons:
#   The system is out of physical RAM or swap space
#   In 32 bit mode, the process size limit was hit
# Possible solutions:
#   Reduce memory load on the system
#   Increase physical memory or swap space
#   Check if swap backing store is full
#   Use 64 bit Java on a 64 bit OS
#   Decrease Java heap size (-Xmx/-Xms)
#   Decrease number of Java threads
#   Decrease Java thread stack sizes (-Xss)
#   Set larger code cache with -XX:ReservedCodeCacheSize=
# This output file may be truncated or incomplete.
#
#  Out of Memory Error (os_linux.cpp:2640), pid=81, tid=0x00007f566050b700
#
# JRE version: Java(TM) SE Runtime Environment (8.0_172-b11) (build 1.8.0_172-b11)
# Java VM: Java HotSpot(TM) 64-Bit Server VM (25.172-b11 mixed mode linux-amd64 compressed oops)
# Core dump written. Default location: /app/core or core.81
#

---------------  T H R E A D  ---------------

Current thread (0x00007f565c080800):  VMThread [stack: 0x00007f566040c000,0x00007f566050c000] [id=90]

Stack: [0x00007f566040c000,0x00007f566050c000],  sp=0x00007f566050a050,  free space=1016k
Native frames: (J=compiled Java code, j=interpreted, Vv=VM code, C=native code)
V  [libjvm.so+0xad221a]  VMError::report_and_die()+0x2ba
V  [libjvm.so+0x50185b]  report_vm_out_of_memory(char const*, int, unsigned long, VMErrorType, char const*)+0x8b
V  [libjvm.so+0x92fee3]  os::Linux::commit_memory_impl(char*, unsigned long, bool)+0x123
V  [libjvm.so+0x930109]  os::pd_commit_memory(char*, unsigned long, unsigned long, bool)+0x29
V  [libjvm.so+0x9273ca]  os::commit_memory(char*, unsigned long, unsigned long, bool)+0x2a
V  [libjvm.so+0x99d363]  PSVirtualSpace::expand_by(unsigned long)+0x53
V  [libjvm.so+0x99e768]  PSYoungGen::resize_generation(unsigned long, unsigned long)+0xf8
V  [libjvm.so+0x99d8c2]  PSYoungGen::resize(unsigned long, unsigned long)+0x22
V  [libjvm.so+0x99ab9b]  PSScavenge::invoke_no_policy()+0xf3b
V  [libjvm.so+0x99b321]  PSScavenge::invoke()+0x41
V  [libjvm.so+0x951df0]  ParallelScavengeHeap::failed_mem_allocate(unsigned long)+0x70
V  [libjvm.so+0xad3c97]  VM_ParallelGCFailedAllocation::doit()+0x97
V  [libjvm.so+0xadb7b5]  VM_Operation::evaluate()+0x55
V  [libjvm.so+0xad9b7a]  VMThread::evaluate_operation(VM_Operation*)+0xba
V  [libjvm.so+0xad9efe]  VMThread::loop()+0x1ce
V  [libjvm.so+0xada370]  VMThread::run()+0x70
V  [libjvm.so+0x930248]  java_start(Thread*)+0x108

VM_Operation (0x00007f5665b048a0): ParallelGCFailedAllocation, mode: safepoint, requested by thread 0x00007f565c013000


---------------  P R O C E S S  ---------------

Java Threads: ( => current thread )
  0x00007f565cef7800 JavaThread "SimpleHostRoutingFilter.connectionManagerTimer" daemon [_thread_blocked, id=109, stack(0x00007f560b2fd000,0x00007f560b3fe000)]
  0x00007f565cd26000 JavaThread "RxIoScheduler-1 (Evictor)" daemon [_thread_blocked, id=108, stack(0x00007f560b7fe000,0x00007f560b8ff000)]
  0x00007f565c0c9800 JavaThread "container-0" [_thread_blocked, id=107, stack(0x00007f560b8ff000,0x00007f560ba00000)]
  0x00007f565c0c8000 JavaThread "ContainerBackgroundProcessor[StandardEngine[Tomcat]]" daemon [_thread_blocked, id=106, stack(0x00007f56100ed000,0x00007f56101ee000)]
  0x00007f5604050000 JavaThread "spring.cloud.inetutils" daemon [_thread_blocked, id=105, stack(0x00007f563c06f000,0x00007f563c170000)]
  0x00007f560c020000 JavaThread "localhost-startStop-1" daemon [_thread_blocked, id=104, stack(0x00007f564c041000,0x00007f564c142000)]
  0x00007f565ccc5800 JavaThread "Tomcat-startStop-1" daemon [_thread_blocked, id=103, stack(0x00007f564c568000,0x00007f564c669000)]
  0x00007f565c0e2800 JavaThread "Service Thread" daemon [_thread_blocked, id=97, stack(0x00007f564cbfc000,0x00007f564ccfd000)]
  0x00007f565c0c5800 JavaThread "C1 CompilerThread2" daemon [_thread_blocked, id=96, stack(0x00007f564ccfe000,0x00007f564cdfe000)]
  0x00007f565c0c3800 JavaThread "C2 CompilerThread1" daemon [_thread_blocked, id=95, stack(0x00007f564cdff000,0x00007f564ceff000)]
  0x00007f565c0c1000 JavaThread "C2 CompilerThread0" daemon [_thread_blocked, id=94, stack(0x00007f564cf00000,0x00007f564d000000)]
  0x00007f565c0bf000 JavaThread "Signal Dispatcher" daemon [_thread_blocked, id=93, stack(0x00007f56600e5000,0x00007f56601e6000)]
  0x00007f565c08c800 JavaThread "Finalizer" daemon [_thread_blocked, id=92, stack(0x00007f5660209000,0x00007f566030a000)]
  0x00007f565c08a000 JavaThread "Reference Handler" daemon [_thread_blocked, id=91, stack(0x00007f566030a000,0x00007f566040b000)]
  0x00007f565c013000 JavaThread "main" [_thread_blocked, id=82, stack(0x00007f5665a0c000,0x00007f5665b0c000)]

Other Threads:
=>0x00007f565c080800 VMThread [stack: 0x00007f566040c000,0x00007f566050c000] [id=90]
  0x00007f565c0e8000 WatcherThread [stack: 0x00007f564cafc000,0x00007f564cbfc000] [id=98]

VM state:at safepoint (normal execution)

VM Mutex/Monitor currently owned by a thread:  ([mutex/lock_event])
[0x00007f565c010410] Threads_lock - owner thread: 0x00007f565c080800
[0x00007f565c010910] Heap_lock - owner thread: 0x00007f565c013000

Heap:
 PSYoungGen      total 332800K, used 15735K [0x00000000d7a00000, 0x00000000edb80000, 0x0000000100000000)
  eden space 312320K, 0% used [0x00000000d7a00000,0x00000000d7a00000,0x00000000eab00000)
  from space 20480K, 76% used [0x00000000eb380000,0x00000000ec2ddda0,0x00000000ec780000)
  to   space 15872K, 0% used [0x00000000ecc00000,0x00000000ecc00000,0x00000000edb80000)
 ParOldGen       total 90112K, used 28581K [0x0000000086e00000, 0x000000008c600000, 0x00000000d7a00000)
  object space 90112K, 31% used [0x0000000086e00000,0x00000000889e97f8,0x000000008c600000)
 Metaspace       used 42925K, capacity 43514K, committed 43776K, reserved 1087488K
  class space    used 5345K, capacity 5513K, committed 5632K, reserved 1048576K

Card table byte_map: [0x00007f5662970000,0x00007f5662d3a000] byte_map_base: 0x00007f5662539000

Marking Bits: (ParMarkBitMap*) 0x00007f5664ed3de0
 Begin Bits: [0x00007f563c370000, 0x00007f563e1b8000)
 End Bits:   [0x00007f563e1b8000, 0x00007f5640000000)

Polling page: 0x00007f5665b11000

CodeCache: size=245760Kb used=17551Kb max_used=17572Kb free=228208Kb
 bounds [0x00007f564d000000, 0x00007f564e140000, 0x00007f565c000000]
 total_blobs=5033 nmethods=4590 adapters=356
 compilation: enabled

Compilation events (10 events):
Event: 24.127 Thread 0x00007f565c0c5800 5300       3       sun.util.resources.TimeZoneNamesBundle::handleGetObject (48 bytes)
Event: 24.128 Thread 0x00007f565c0c5800 nmethod 5300 0x00007f564e11d090 code [0x00007f564e11d280, 0x00007f564e11db98]
Event: 24.128 Thread 0x00007f565c0c5800 5301       3       java.util.ResourceBundle::getStringArray (12 bytes)
Event: 24.128 Thread 0x00007f565c0c5800 nmethod 5301 0x00007f564e11cb90 code [0x00007f564e11cd00, 0x00007f564e11cfe8]
Event: 24.129 Thread 0x00007f565c0c3800 5302  s    4       java.util.jar.JarFile::getInputStream (89 bytes)
Event: 24.165 Thread 0x00007f565c0c1000 5303       4       java.lang.ClassLoader::defineClass (43 bytes)
Event: 24.178 Thread 0x00007f565c0c5800 5305       3       java.awt.datatransfer.MimeTypeParameterList::isTokenChar (27 bytes)
Event: 24.178 Thread 0x00007f565c0c5800 nmethod 5305 0x00007f564e11c590 code [0x00007f564e11c700, 0x00007f564e11caa8]
Event: 24.197 Thread 0x00007f565c0c5800 5306       3       java.util.TreeSet::add (22 bytes)
Event: 24.197 Thread 0x00007f565c0c5800 nmethod 5306 0x00007f564e11c0d0 code [0x00007f564e11c240, 0x00007f564e11c4c8]

GC Heap History (10 events):
Event: 14.571 GC heap after
Heap after GC invocations=10 (full 1):
 PSYoungGen      total 175104K, used 11237K [0x00000000d7a00000, 0x00000000e7a00000, 0x0000000100000000)
  eden space 163840K, 0% used [0x00000000d7a00000,0x00000000d7a00000,0x00000000e1a00000)
  from space 11264K, 99% used [0x00000000e1a00000,0x00000000e24f9450,0x00000000e2500000)
  to   space 17408K, 0% used [0x00000000e6900000,0x00000000e6900000,0x00000000e7a00000)
 ParOldGen       total 52224K, used 20711K [0x0000000086e00000, 0x000000008a100000, 0x00000000d7a00000)
  object space 52224K, 39% used [0x0000000086e00000,0x0000000088239d00,0x000000008a100000)
 Metaspace       used 32908K, capacity 33284K, committed 33664K, reserved 1079296K
  class space    used 4057K, capacity 4166K, committed 4224K, reserved 1048576K
}
Event: 16.714 GC heap before
{Heap before GC invocations=11 (full 1):
 PSYoungGen      total 175104K, used 175077K [0x00000000d7a00000, 0x00000000e7a00000, 0x0000000100000000)
  eden space 163840K, 100% used [0x00000000d7a00000,0x00000000e1a00000,0x00000000e1a00000)
  from space 11264K, 99% used [0x00000000e1a00000,0x00000000e24f9450,0x00000000e2500000)
  to   space 17408K, 0% used [0x00000000e6900000,0x00000000e6900000,0x00000000e7a00000)
 ParOldGen       total 52224K, used 20711K [0x0000000086e00000, 0x000000008a100000, 0x00000000d7a00000)
  object space 52224K, 39% used [0x0000000086e00000,0x0000000088239d00,0x000000008a100000)
 Metaspace       used 34483K, capacity 34780K, committed 35200K, reserved 1079296K
  class space    used 4283K, capacity 4362K, committed 4480K, reserved 1048576K
Event: 16.778 GC heap after
Heap after GC invocations=11 (full 1):
 PSYoungGen      total 243200K, used 14699K [0x00000000d7a00000, 0x00000000e7f00000, 0x0000000100000000)
  eden space 225792K, 0% used [0x00000000d7a00000,0x00000000d7a00000,0x00000000e5680000)
  from space 17408K, 84% used [0x00000000e6900000,0x00000000e775aeb8,0x00000000e7a00000)
  to   space 18944K, 0% used [0x00000000e5680000,0x00000000e5680000,0x00000000e6900000)
 ParOldGen       total 52224K, used 25039K [0x0000000086e00000, 0x000000008a100000, 0x00000000d7a00000)
  object space 52224K, 47% used [0x0000000086e00000,0x0000000088673d80,0x000000008a100000)
 Metaspace       used 34483K, capacity 34780K, committed 35200K, reserved 1079296K
  class space    used 4283K, capacity 4362K, committed 4480K, reserved 1048576K
}
Event: 18.007 GC heap before
{Heap before GC invocations=12 (full 1):
 PSYoungGen      total 243200K, used 125967K [0x00000000d7a00000, 0x00000000e7f00000, 0x0000000100000000)
  eden space 225792K, 49% used [0x00000000d7a00000,0x00000000de6a9080,0x00000000e5680000)
  from space 17408K, 84% used [0x00000000e6900000,0x00000000e775aeb8,0x00000000e7a00000)
  to   space 18944K, 0% used [0x00000000e5680000,0x00000000e5680000,0x00000000e6900000)
 ParOldGen       total 52224K, used 25039K [0x0000000086e00000, 0x000000008a100000, 0x00000000d7a00000)
  object space 52224K, 47% used [0x0000000086e00000,0x0000000088673d80,0x000000008a100000)
 Metaspace       used 34815K, capacity 35138K, committed 35456K, reserved 1081344K
  class space    used 4310K, capacity 4395K, committed 4480K, reserved 1048576K
Event: 18.103 GC heap after
Heap after GC invocations=12 (full 1):
 PSYoungGen      total 244736K, used 5294K [0x00000000d7a00000, 0x00000000ede00000, 0x0000000100000000)
  eden space 225792K, 0% used [0x00000000d7a00000,0x00000000d7a00000,0x00000000e5680000)
  from space 18944K, 27% used [0x00000000e5680000,0x00000000e5bab940,0x00000000e6900000)
  to   space 18432K, 0% used [0x00000000ecc00000,0x00000000ecc00000,0x00000000ede00000)
 ParOldGen       total 52224K, used 33834K [0x0000000086e00000, 0x000000008a100000, 0x00000000d7a00000)
  object space 52224K, 64% used [0x0000000086e00000,0x0000000088f0a928,0x000000008a100000)
 Metaspace       used 34815K, capacity 35138K, committed 35456K, reserved 1081344K
  class space    used 4310K, capacity 4395K, committed 4480K, reserved 1048576K
}
Event: 18.103 GC heap before
{Heap before GC invocations=13 (full 2):
 PSYoungGen      total 244736K, used 5294K [0x00000000d7a00000, 0x00000000ede00000, 0x0000000100000000)
  eden space 225792K, 0% used [0x00000000d7a00000,0x00000000d7a00000,0x00000000e5680000)
  from space 18944K, 27% used [0x00000000e5680000,0x00000000e5bab940,0x00000000e6900000)
  to   space 18432K, 0% used [0x00000000ecc00000,0x00000000ecc00000,0x00000000ede00000)
 ParOldGen       total 52224K, used 33834K [0x0000000086e00000, 0x000000008a100000, 0x00000000d7a00000)
  object space 52224K, 64% used [0x0000000086e00000,0x0000000088f0a928,0x000000008a100000)
 Metaspace       used 34815K, capacity 35138K, committed 35456K, reserved 1081344K
  class space    used 4310K, capacity 4395K, committed 4480K, reserved 1048576K
Event: 18.378 GC heap after
Heap after GC invocations=13 (full 2):
 PSYoungGen      total 244736K, used 0K [0x00000000d7a00000, 0x00000000ede00000, 0x0000000100000000)
  eden space 225792K, 0% used [0x00000000d7a00000,0x00000000d7a00000,0x00000000e5680000)
  from space 18944K, 0% used [0x00000000e5680000,0x00000000e5680000,0x00000000e6900000)
  to   space 18432K, 0% used [0x00000000ecc00000,0x00000000ecc00000,0x00000000ede00000)
 ParOldGen       total 90112K, used 25121K [0x0000000086e00000, 0x000000008c600000, 0x00000000d7a00000)
  object space 90112K, 27% used [0x0000000086e00000,0x00000000886887d8,0x000000008c600000)
 Metaspace       used 34815K, capacity 35138K, committed 35456K, reserved 1081344K
  class space    used 4310K, capacity 4395K, committed 4480K, reserved 1048576K
}
Event: 21.009 GC heap before
{Heap before GC invocations=14 (full 2):
 PSYoungGen      total 244736K, used 225792K [0x00000000d7a00000, 0x00000000ede00000, 0x0000000100000000)
  eden space 225792K, 100% used [0x00000000d7a00000,0x00000000e5680000,0x00000000e5680000)
  from space 18944K, 0% used [0x00000000e5680000,0x00000000e5680000,0x00000000e6900000)
  to   space 18432K, 0% used [0x00000000ecc00000,0x00000000ecc00000,0x00000000ede00000)
 ParOldGen       total 90112K, used 25121K [0x0000000086e00000, 0x000000008c600000, 0x00000000d7a00000)
  object space 90112K, 27% used [0x0000000086e00000,0x00000000886887d8,0x000000008c600000)
 Metaspace       used 36913K, capacity 37274K, committed 37760K, reserved 1083392K
  class space    used 4598K, capacity 4719K, committed 4736K, reserved 1048576K
Event: 21.029 GC heap after
Heap after GC invocations=14 (full 2):
 PSYoungGen      total 328192K, used 15808K [0x00000000d7a00000, 0x00000000edb80000, 0x0000000100000000)
  eden space 312320K, 0% used [0x00000000d7a00000,0x00000000d7a00000,0x00000000eab00000)
  from space 15872K, 99% used [0x00000000ecc00000,0x00000000edb70270,0x00000000edb80000)
  to   space 20480K, 0% used [0x00000000eb380000,0x00000000eb380000,0x00000000ec780000)
 ParOldGen       total 90112K, used 25121K [0x0000000086e00000, 0x000000008c600000, 0x00000000d7a00000)
  object space 90112K, 27% used [0x0000000086e00000,0x00000000886887d8,0x000000008c600000)
 Metaspace       used 36913K, capacity 37274K, committed 37760K, reserved 1083392K
  class space    used 4598K, capacity 4719K, committed 4736K, reserved 1048576K
}
Event: 24.201 GC heap before
{Heap before GC invocations=15 (full 2):
 PSYoungGen      total 328192K, used 328128K [0x00000000d7a00000, 0x00000000edb80000, 0x0000000100000000)
  eden space 312320K, 100% used [0x00000000d7a00000,0x00000000eab00000,0x00000000eab00000)
  from space 15872K, 99% used [0x00000000ecc00000,0x00000000edb70270,0x00000000edb80000)
  to   space 20480K, 0% used [0x00000000eb380000,0x00000000eb380000,0x00000000ec780000)
 ParOldGen       total 90112K, used 25121K [0x0000000086e00000, 0x000000008c600000, 0x00000000d7a00000)
  object space 90112K, 27% used [0x0000000086e00000,0x00000000886887d8,0x000000008c600000)
 Metaspace       used 42925K, capacity 43514K, committed 43776K, reserved 1087488K
  class space    used 5345K, capacity 5513K, committed 5632K, reserved 1048576K

Deoptimization events (10 events):
Event: 22.949 Thread 0x00007f565c013000 Uncommon trap: reason=class_check action=maybe_recompile pc=0x00007f564d5446c8 method=java.util.AbstractList$Itr.next()Ljava/lang/Object; @ 14
Event: 23.354 Thread 0x00007f565c013000 Uncommon trap: reason=unstable_if action=reinterpret pc=0x00007f564dd2b3dc method=org.springframework.util.ReflectionUtils.getDeclaredMethods(Ljava/lang/Class;)[Ljava/lang/reflect/Method; @ 34
Event: 23.381 Thread 0x00007f565c013000 Uncommon trap: reason=class_check action=maybe_recompile pc=0x00007f564d1ebae8 method=java.lang.String.equals(Ljava/lang/Object;)Z @ 8
Event: 23.382 Thread 0x00007f565c013000 Uncommon trap: reason=class_check action=maybe_recompile pc=0x00007f564d1ebae8 method=java.lang.String.equals(Ljava/lang/Object;)Z @ 8
Event: 23.382 Thread 0x00007f565c013000 Uncommon trap: reason=class_check action=maybe_recompile pc=0x00007f564d1ebae8 method=java.lang.String.equals(Ljava/lang/Object;)Z @ 8
Event: 23.383 Thread 0x00007f565c013000 Uncommon trap: reason=class_check action=maybe_recompile pc=0x00007f564d1ebae8 method=java.lang.String.equals(Ljava/lang/Object;)Z @ 8
Event: 23.538 Thread 0x00007f565c013000 Uncommon trap: reason=bimorphic action=maybe_recompile pc=0x00007f564d644fbc method=org.springframework.core.env.PropertySource.containsProperty(Ljava/lang/String;)Z @ 2
Event: 23.538 Thread 0x00007f565c013000 Uncommon trap: reason=bimorphic action=maybe_recompile pc=0x00007f564d644fbc method=org.springframework.core.env.PropertySource.containsProperty(Ljava/lang/String;)Z @ 2
Event: 23.538 Thread 0x00007f565c013000 Uncommon trap: reason=bimorphic action=maybe_recompile pc=0x00007f564d644fbc method=org.springframework.core.env.PropertySource.containsProperty(Ljava/lang/String;)Z @ 2
Event: 23.538 Thread 0x00007f565c013000 Uncommon trap: reason=bimorphic action=maybe_recompile pc=0x00007f564d644fbc method=org.springframework.core.env.PropertySource.containsProperty(Ljava/lang/String;)Z @ 2

Classes redefined (0 events):
No events

Internal exceptions (10 events):
Event: 23.497 Thread 0x00007f565c013000 Exception <a 'java/lang/ClassNotFoundException': org/springframework/beans/factory/config/ScopeCustomizer> (0x00000000e7c187b0) thrown at [/HUDSON/workspace/8-2-build-linux-amd64/jdk8u172/10810/hotspot/src/share/vm/classfile/systemDictionary.cpp, line 210
Event: 23.498 Thread 0x00007f565c013000 Exception <a 'java/lang/ClassNotFoundException': org/springframework/beans/factory/config/BeanFactoryPostProcessorCustomizer> (0x00000000e7c421d8) thrown at [/HUDSON/workspace/8-2-build-linux-amd64/jdk8u172/10810/hotspot/src/share/vm/classfile/systemDicti
Event: 23.499 Thread 0x00007f565c013000 Exception <a 'java/lang/ClassNotFoundException': org/springframework/beans/factory/support/BeanDefinitionRegistryPostProcessorCustomizer> (0x00000000e7c6c858) thrown at [/HUDSON/workspace/8-2-build-linux-amd64/jdk8u172/10810/hotspot/src/share/vm/classfile
Event: 23.500 Thread 0x00007f565c013000 Exception <a 'java/lang/ClassNotFoundException': org/springframework/beans/factory/DisposableBeanCustomizer> (0x00000000e7c8b9b0) thrown at [/HUDSON/workspace/8-2-build-linux-amd64/jdk8u172/10810/hotspot/src/share/vm/classfile/systemDictionary.cpp, line 2
Event: 23.504 Thread 0x00007f565c013000 Exception <a 'java/lang/ClassNotFoundException': org/springframework/beans/factory/config/ScopeCustomizer> (0x00000000e7cd6830) thrown at [/HUDSON/workspace/8-2-build-linux-amd64/jdk8u172/10810/hotspot/src/share/vm/classfile/systemDictionary.cpp, line 210
Event: 23.505 Thread 0x00007f565c013000 Exception <a 'java/lang/ClassNotFoundException': org/springframework/beans/factory/config/BeanFactoryPostProcessorCustomizer> (0x00000000e7cfee00) thrown at [/HUDSON/workspace/8-2-build-linux-amd64/jdk8u172/10810/hotspot/src/share/vm/classfile/systemDicti
Event: 23.505 Thread 0x00007f565c013000 Exception <a 'java/lang/ClassNotFoundException': org/springframework/beans/factory/support/BeanDefinitionRegistryPostProcessorCustomizer> (0x00000000e7d29350) thrown at [/HUDSON/workspace/8-2-build-linux-amd64/jdk8u172/10810/hotspot/src/share/vm/classfile
Event: 23.506 Thread 0x00007f565c013000 Exception <a 'java/lang/ClassNotFoundException': org/springframework/beans/factory/DisposableBeanCustomizer> (0x00000000e7d48318) thrown at [/HUDSON/workspace/8-2-build-linux-amd64/jdk8u172/10810/hotspot/src/share/vm/classfile/systemDictionary.cpp, line 2
Event: 23.744 Thread 0x00007f565c013000 Exception <a 'java/lang/ClassNotFoundException': com/netflix/appinfo/ApplicationInfoManagerBeanInfo> (0x00000000e9b24e48) thrown at [/HUDSON/workspace/8-2-build-linux-amd64/jdk8u172/10810/hotspot/src/share/vm/classfile/systemDictionary.cpp, line 210]
Event: 23.744 Thread 0x00007f565c013000 Exception <a 'java/lang/ClassNotFoundException': com/netflix/appinfo/ApplicationInfoManagerCustomizer> (0x00000000e9b412a8) thrown at [/HUDSON/workspace/8-2-build-linux-amd64/jdk8u172/10810/hotspot/src/share/vm/classfile/systemDictionary.cpp, line 210]

Events (10 events):
Event: 24.196 loading class com/thoughtworks/xstream/converters/basic/BooleanConverter done
Event: 24.197 loading class com/thoughtworks/xstream/converters/basic/ByteConverter
Event: 24.197 loading class com/thoughtworks/xstream/converters/basic/ByteConverter done
Event: 24.197 loading class com/thoughtworks/xstream/converters/basic/StringConverter
Event: 24.197 loading class com/thoughtworks/xstream/converters/basic/StringConverter done
Event: 24.198 loading class com/thoughtworks/xstream/core/util/WeakCache
Event: 24.198 loading class com/thoughtworks/xstream/core/util/WeakCache done
Event: 24.198 loading class com/thoughtworks/xstream/core/util/WeakCache$Visitor
Event: 24.198 loading class com/thoughtworks/xstream/core/util/WeakCache$Visitor done
Event: 24.200 Executing VM operation: ParallelGCFailedAllocation


Dynamic libraries:
00400000-00401000 r-xp 00000000 08:04 961402                             /opt/jdk1.8.0_172/bin/java
00600000-00601000 rw-p 00000000 08:04 961402                             /opt/jdk1.8.0_172/bin/java
02578000-02599000 rw-p 00000000 00:00 0                                  [heap]
86e00000-8c600000 rw-p 00000000 00:00 0 
8c600000-d7a00000 ---p 00000000 00:00 0 
d7a00000-edb80000 rw-p 00000000 00:00 0 
f4080000-100000000 ---p 00000000 00:00 0 
100000000-100580000 rw-p 00000000 00:00 0 
100580000-140000000 ---p 00000000 00:00 0 
7f55ec000000-7f55ec021000 rw-p 00000000 00:00 0 
7f55ec021000-7f55f0000000 ---p 00000000 00:00 0 
7f55f4000000-7f55f4021000 rw-p 00000000 00:00 0 
7f55f4021000-7f55f8000000 ---p 00000000 00:00 0 
7f55f8000000-7f55f8021000 rw-p 00000000 00:00 0 
7f55f8021000-7f55fc000000 ---p 00000000 00:00 0 
7f55fc000000-7f55fc021000 rw-p 00000000 00:00 0 
7f55fc021000-7f5600000000 ---p 00000000 00:00 0 
7f5600000000-7f5600021000 rw-p 00000000 00:00 0 
7f5600021000-7f5604000000 ---p 00000000 00:00 0 
7f5604000000-7f560410c000 rw-p 00000000 00:00 0 
7f560410c000-7f5608000000 ---p 00000000 00:00 0 
7f560a817000-7f560a957000 rw-p 00000000 00:00 0 
7f560a957000-7f560aa17000 ---p 00000000 00:00 0 
7f560aa17000-7f560aaa0000 r-xp 00000000 08:04 959062                     /lib/ld-musl-x86_64.so.1
7f560aaa0000-7f560ac9f000 ---p 00089000 08:04 959062                     /lib/ld-musl-x86_64.so.1
7f560ac9f000-7f560aca0000 r--p 00088000 08:04 959062                     /lib/ld-musl-x86_64.so.1
7f560aca0000-7f560aca1000 rw-p 00089000 08:04 959062                     /lib/ld-musl-x86_64.so.1
7f560aca1000-7f560aca4000 rw-p 00000000 00:00 0 
7f560aca4000-7f560acb5000 r-xp 00000000 08:04 1075339                    /usr/lib/libgcc_s.so.1
7f560acb5000-7f560aeb4000 ---p 00011000 08:04 1075339                    /usr/lib/libgcc_s.so.1
7f560aeb4000-7f560aeb5000 r--p 00010000 08:04 1075339                    /usr/lib/libgcc_s.so.1
7f560aeb5000-7f560aeb6000 rw-p 00011000 08:04 1075339                    /usr/lib/libgcc_s.so.1
7f560aeb6000-7f560aee8000 r-xp 00000000 08:04 961553                     /opt/jdk1.8.0_172/jre/lib/amd64/libsunec.so
7f560aee8000-7f560b0e7000 ---p 00032000 08:04 961553                     /opt/jdk1.8.0_172/jre/lib/amd64/libsunec.so
7f560b0e7000-7f560b0ed000 rw-p 00031000 08:04 961553                     /opt/jdk1.8.0_172/jre/lib/amd64/libsunec.so
7f560b0ed000-7f560b2fd000 rw-p 00000000 00:00 0 
7f560b2fd000-7f560b300000 ---p 00000000 00:00 0 
7f560b300000-7f560b5fe000 rw-p 00000000 00:00 0 
7f560b5fe000-7f560b7fe000 rw-p 00000000 00:00 0 
7f560b7fe000-7f560b801000 ---p 00000000 00:00 0 
7f560b801000-7f560b8ff000 rw-p 00000000 00:00 0 
7f560b8ff000-7f560b902000 ---p 00000000 00:00 0 
7f560b902000-7f560bc00000 rw-p 00000000 00:00 0 
7f560bc00000-7f560be00000 rw-p 00000000 00:00 0 
7f560be00000-7f560c000000 rw-p 00000000 00:00 0 
7f560c000000-7f560c271000 rw-p 00000000 00:00 0 
7f560c271000-7f5610000000 ---p 00000000 00:00 0 
7f56100ed000-7f56100f0000 ---p 00000000 00:00 0 
7f56100f0000-7f56103ee000 rw-p 00000000 00:00 0 
7f56103ee000-7f56105ee000 rw-p 00000000 00:00 0 
7f56105ee000-7f56107ee000 rw-p 00000000 00:00 0 
7f56107ee000-7f56109ee000 rw-p 00000000 00:00 0 
7f56109ee000-7f56109ff000 r-xp 00000000 08:04 961546                     /opt/jdk1.8.0_172/jre/lib/amd64/libnio.so
7f56109ff000-7f5610bfe000 ---p 00011000 08:04 961546                     /opt/jdk1.8.0_172/jre/lib/amd64/libnio.so
7f5610bfe000-7f5610bff000 rw-p 00010000 08:04 961546                     /opt/jdk1.8.0_172/jre/lib/amd64/libnio.so
7f5610bff000-7f5610dff000 rw-p 00000000 00:00 0 
7f5610dff000-7f5610fff000 rw-p 00000000 00:00 0 
7f5610fff000-7f5614000000 rw-p 00000000 00:00 0 
7f5614000000-7f5614021000 rw-p 00000000 00:00 0 
7f5614021000-7f5618000000 ---p 00000000 00:00 0 
7f5618000000-7f5618021000 rw-p 00000000 00:00 0 
7f5618021000-7f561c000000 ---p 00000000 00:00 0 
7f561c000000-7f561e137000 rw-p 00000000 00:00 0 
7f561e137000-7f5620000000 ---p 00000000 00:00 0 
7f5620000000-7f5620c09000 rw-p 00000000 00:00 0 
7f5620c09000-7f5624000000 ---p 00000000 00:00 0 
7f5624000000-7f5624021000 rw-p 00000000 00:00 0 
7f5624021000-7f5628000000 ---p 00000000 00:00 0 
7f5628000000-7f562a322000 rw-p 00000000 00:00 0 
7f562a322000-7f562c000000 ---p 00000000 00:00 0 
7f562c000000-7f562c021000 rw-p 00000000 00:00 0 
7f562c021000-7f5630000000 ---p 00000000 00:00 0 
7f5630000000-7f5630021000 rw-p 00000000 00:00 0 
7f5630021000-7f5634000000 ---p 00000000 00:00 0 
7f5634000000-7f56342aa000 rw-p 00000000 00:00 0 
7f56342aa000-7f5638000000 ---p 00000000 00:00 0 
7f5638000000-7f5638021000 rw-p 00000000 00:00 0 
7f5638021000-7f563c000000 ---p 00000000 00:00 0 
7f563c06f000-7f563c072000 ---p 00000000 00:00 0 
7f563c072000-7f5640000000 rw-p 00000000 00:00 0 
7f5640000000-7f5640027000 rw-p 00000000 00:00 0 
7f5640027000-7f5644000000 ---p 00000000 00:00 0 
7f5644000000-7f5644021000 rw-p 00000000 00:00 0 
7f5644021000-7f5648000000 ---p 00000000 00:00 0 
7f5648000000-7f5648021000 rw-p 00000000 00:00 0 
7f5648021000-7f564c000000 ---p 00000000 00:00 0 
7f564c038000-7f564c03a000 r--s 00009000 08:04 961580                     /opt/jdk1.8.0_172/jre/lib/ext/sunec.jar
7f564c03a000-7f564c03e000 r--s 0003a000 08:04 961582                     /opt/jdk1.8.0_172/jre/lib/ext/sunpkcs11.jar
7f564c03e000-7f564c041000 r--s 0001a000 08:04 961623                     /opt/jdk1.8.0_172/jre/lib/jce.jar
7f564c041000-7f564c044000 ---p 00000000 00:00 0 
7f564c044000-7f564c142000 rw-p 00000000 00:00 0 
7f564c142000-7f564c147000 r--s 002f9000 08:04 961564                     /opt/jdk1.8.0_172/jre/lib/charsets.jar
7f564c147000-7f564c14c000 r--s 0009d000 08:04 961629                     /opt/jdk1.8.0_172/jre/lib/jsse.jar
7f564c14c000-7f564c15f000 r--s 00345000 08:04 961685                     /opt/jdk1.8.0_172/jre/lib/resources.jar
7f564c15f000-7f564c35f000 rw-p 00000000 00:00 0 
7f564c35f000-7f564c368000 r-xp 00000000 08:04 961543                     /opt/jdk1.8.0_172/jre/lib/amd64/libmanagement.so
7f564c368000-7f564c567000 ---p 00009000 08:04 961543                     /opt/jdk1.8.0_172/jre/lib/amd64/libmanagement.so
7f564c567000-7f564c568000 rw-p 00008000 08:04 961543                     /opt/jdk1.8.0_172/jre/lib/amd64/libmanagement.so
7f564c568000-7f564c56b000 ---p 00000000 00:00 0 
7f564c56b000-7f564c669000 rw-p 00000000 00:00 0 
7f564c669000-7f564c67f000 r-xp 00000000 08:04 961545                     /opt/jdk1.8.0_172/jre/lib/amd64/libnet.so
7f564c67f000-7f564c87f000 ---p 00016000 08:04 961545                     /opt/jdk1.8.0_172/jre/lib/amd64/libnet.so
7f564c87f000-7f564c880000 rw-p 00016000 08:04 961545                     /opt/jdk1.8.0_172/jre/lib/amd64/libnet.so
7f564c880000-7f564c885000 r--s 00068000 08:03 887254                     /app/cache/caches/modules-2/files-2.1/antlr/antlr/2.7.7/83cd2cd674a217ade95a4bb83a8a14f351f48bd0/antlr-2.7.7.jar
7f564c885000-7f564c888000 r--s 00022000 08:03 887263                     /app/cache/caches/modules-2/files-2.1/org.antlr/stringtemplate/3.2.1/59ec8083721eae215c6f3caee944c410d2be34de/stringtemplate-3.2.1.jar
7f564c888000-7f564c894000 r--s 00081000 08:03 887272                     /app/cache/caches/modules-2/files-2.1/io.netty/netty-common/4.1.24.Final/7eeecd7906543214c3c1c984d275d3c6de10b99d/netty-common-4.1.24.Final.jar
7f564c894000-7f564c895000 r--s 00007000 08:03 887247                     /app/cache/caches/modules-2/files-2.1/io.netty/netty-resolver/4.1.24.Final/dbc1e5b50d31aed883ea3beeb6489e1977d0687f/netty-resolver-4.1.24.Final.jar
7f564c895000-7f564c899000 r--s 0003f000 08:03 887246                     /app/cache/caches/modules-2/files-2.1/io.netty/netty-buffer/4.1.24.Final/e354bed2e60b568307138e403f55ba241c1c16d2/netty-buffer-4.1.24.Final.jar
7f564c899000-7f564c8a2000 r--s 00067000 08:03 887253                     /app/cache/caches/modules-2/files-2.1/io.netty/netty-transport/4.1.24.Final/d37292c94d3a4cba48d9b6cfb6e8e55282035d0d/netty-transport-4.1.24.Final.jar
7f564c8a2000-7f564c8a9000 r--s 00047000 08:03 887243                     /app/cache/caches/modules-2/files-2.1/io.netty/netty-codec/4.1.24.Final/290857e5103956bbda11836e33245f2439226b77/netty-codec-4.1.24.Final.jar
7f564c8a9000-7f564c8b0000 r--s 00055000 08:03 887242                     /app/cache/caches/modules-2/files-2.1/io.netty/netty-handler/4.1.24.Final/bad56e7da211c5ebe031ae155cb648b1065c7bb6/netty-handler-4.1.24.Final.jar
7f564c8b0000-7f564c8bb000 r--s 0006a000 08:03 887230                     /app/cache/caches/modules-2/files-2.1/ch.qos.logback/logback-core/1.1.11/88b8df40340eed549fb07e2613879bf6b006704d/logback-core-1.1.11.jar
7f564c8bb000-7f564c8c0000 r--s 00034000 08:03 887226                     /app/cache/caches/modules-2/files-2.1/com.google.code.gson/gson/2.8.2/3edcfe49d2c6053a70a2a47e4e1c2f94998a49cf/gson-2.8.2.jar
7f564c8c0000-7f564c8c4000 r--s 00025000 08:03 887207                     /app/cache/caches/modules-2/files-2.1/org.antlr/antlr-runtime/3.4/8f011408269a8e42b8548687e137d8eeb56df4b4/antlr-runtime-3.4.jar
7f564c8c4000-7f564c8d5000 r--s 0008a000 08:03 887214                     /app/cache/caches/modules-2/files-2.1/joda-time/joda-time/2.9.9/f7b520c458572890807d143670c9b24f4de90897/joda-time-2.9.9.jar
7f564c8d5000-7f564c8db000 r--s 00044000 08:03 887205                     /app/cache/caches/modules-2/files-2.1/commons-jxpath/commons-jxpath/1.3/c22d7d0f0f40eb7059a23cfa61773a416768b137/commons-jxpath-1.3.jar
7f564c8db000-7f564c8dd000 r--s 00016000 08:03 887189                     /app/cache/caches/modules-2/files-2.1/io.netty/netty-transport-native-epoll/4.0.27.Final/3da4eda5697a09c9f8e217bc6a0f265b5b5102c5/netty-transport-native-epoll-4.0.27.Final.jar
7f564c8dd000-7f564c8e5000 r--s 00061000 08:03 887201                     /app/cache/caches/modules-2/files-2.1/io.netty/netty-codec-http/4.0.27.Final/59b04b31b58942615c0035c61db1167d118ee218/netty-codec-http-4.0.27.Final.jar
7f564c8e5000-7f564c8e7000 r--s 00003000 08:03 887184                     /app/cache/caches/modules-2/files-2.1/org.apache.tomcat/tomcat-annotations-api/8.5.23/aaf17df9fe0240e9e9d5375d24d5f177174b73d9/tomcat-annotations-api-8.5.23.jar
7f564c8e7000-7f564c931000 r--s 002f4000 08:03 887234                     /app/cache/caches/modules-2/files-2.1/org.bouncycastle/bcprov-jdk15on/1.55/935f2e57a00ec2c489cbd2ad830d4a399708f979/bcprov-jdk15on-1.55.jar
7f564c931000-7f564c935000 r--s 00024000 08:03 887190                     /app/cache/caches/modules-2/files-2.1/org.codehaus.woodstox/stax2-api/3.1.4/ac19014b1e6a7c08aad07fe114af792676b685b7/stax2-api-3.1.4.jar
7f564c935000-7f564c937000 r--s 00004000 08:03 887175                     /app/cache/caches/modules-2/files-2.1/javax.xml.stream/stax-api/1.0-2/d6337b0de8b25e53e81b922352fbea9f9f57ba0b/stax-api-1.0-2.jar
7f564c937000-7f564c939000 r--s 00000000 08:03 887180                     /app/cache/caches/modules-2/files-2.1/aopalliance/aopalliance/1.0/235ba8b489512805ac13a8f9ea77a1ca5ebe3e8/aopalliance-1.0.jar
7f564c939000-7f564c940000 r--s 0003f000 08:03 887169                     /app/cache/caches/modules-2/files-2.1/commons-codec/commons-codec/1.10/4b95f4897fa13f2cd904aee711aeafc0c5295cd8/commons-codec-1.10.jar
7f564c940000-7f564c947000 r--s 00049000 08:03 887166                     /app/cache/caches/modules-2/files-2.1/org.apache.httpcomponents/httpcore/4.4.8/70539e2a07865bab38b4153da1ce599cf081790a/httpcore-4.4.8.jar
7f564c947000-7f564c95a000 r--s 000df000 08:03 887181                     /app/cache/caches/modules-2/files-2.1/org.apache.commons/commons-math/2.2/4877b85d388275f994a5cfc7eceb73a8045d3006/commons-math-2.2.jar
7f564c95a000-7f564c95c000 r--s 00005000 08:03 887162                     /app/cache/caches/modules-2/files-2.1/stax/stax-api/1.0.1/49c100caf72d658aca8e58bd74a4ba90fa2b0d70/stax-api-1.0.1.jar
7f564c95c000-7f564c95e000 r--s 00003000 08:03 887152                     /app/cache/caches/modules-2/files-2.1/com.google.code.findbugs/jsr305/3.0.1/f7be08ec23c21485b9b5a1cf1654c2ec8c58168d/jsr305-3.0.1.jar
7f564c95e000-7f564c96b000 r--s 00083000 08:03 887160                     /app/cache/caches/modules-2/files-2.1/commons-collections/commons-collections/3.2.2/8ad72fe39fa8c91eaaf12aadb21e0c3661fe26d5/commons-collections-3.2.2.jar
7f564c96b000-7f564c970000 r--s 00041000 08:03 887150                     /app/cache/caches/modules-2/files-2.1/commons-lang/commons-lang/2.6/ce1edb914c94ebc388f086c6827e8bdeec71ac2/commons-lang-2.6.jar
7f564c970000-7f564c971000 r--s 00000000 08:03 887143                     /app/cache/caches/modules-2/files-2.1/javax.inject/javax.inject/1/6975da39a7040257bd51d21a231b76c915872d38/javax.inject-1.jar
7f564c971000-7f564c989000 r--s 001bf000 08:03 887225                     /app/cache/caches/modules-2/files-2.1/org.aspectj/aspectjweaver/1.8.11/9807e0e13c8a295f15882721db50fa3d142c44a9/aspectjweaver-1.8.11.jar
7f564c989000-7f564c98b000 r--s 0000c000 08:03 887139                     /app/cache/caches/modules-2/files-2.1/org.ow2.asm/asm/5.0.4/da08b8cce7bbf903602a25a3a163ae252435795/asm-5.0.4.jar
7f564c98b000-7f564c993000 r--s 00072000 08:03 887130                     /app/cache/caches/modules-2/files-2.1/org.apache.commons/commons-lang3/3.7/557edd918fd41f9260963583ebf5a61a43a6b423/commons-lang3-3.7.jar
7f564c993000-7f564c995000 r--s 0001a000 08:03 887133                     /app/cache/caches/modules-2/files-2.1/org.hdrhistogram/HdrHistogram/2.1.9/e4631ce165eb400edecfa32e03d3f1be53dee754/HdrHistogram-2.1.9.jar
7f564c995000-7f564c997000 r--s 0000e000 08:03 887123                     /app/cache/caches/modules-2/files-2.1/com.fasterxml/classmate/1.3.4/3d5f48f10bbe4eb7bd862f10c0583be2e0053c6/classmate-1.3.4.jar
7f564c997000-7f564c99a000 r--s 0000e000 08:03 887125                     /app/cache/caches/modules-2/files-2.1/org.jboss.logging/jboss-logging/3.3.1.Final/c46217ab74b532568c0ed31dc599db3048bd1b67/jboss-logging-3.3.1.Final.jar
7f564c99a000-7f564c99e000 r--s 0000c000 08:03 887100                     /app/cache/caches/modules-2/files-2.1/javax.validation/validation-api/1.1.0.Final/8613ae82954779d518631e05daa73a6a954817d5/validation-api-1.1.0.Final.jar
7f564c99e000-7f564c9a2000 r--s 00037000 08:03 887118                     /app/cache/caches/modules-2/files-2.1/org.apache.tomcat.embed/tomcat-embed-el/8.5.23/98d979cde444dffa6d434c8377d0123b2dfa614c/tomcat-embed-el-8.5.23.jar
7f564c9a2000-7f564c9cb000 r--s 002c7000 08:03 887137                     /app/cache/caches/modules-2/files-2.1/org.apache.tomcat.embed/tomcat-embed-core/8.5.23/79261793a47f507890ee08f749b9d81774e4f7f0/tomcat-embed-core-8.5.23.jar
7f564c9cb000-7f564c9d0000 r--s 00038000 08:03 887108                     /app/cache/caches/modules-2/files-2.1/org.apache.tomcat.embed/tomcat-embed-websocket/8.5.23/52f07abcae10dc7e1764304b0877def175c2c833/tomcat-embed-websocket-8.5.23.jar
7f564c9d0000-7f564c9e1000 r--s 00096000 08:03 887094                     /app/cache/caches/modules-2/files-2.1/org.bouncycastle/bcpkix-jdk15on/1.55/6392d8cba22b722c6570d660ca0b3921ff1bae4f/bcpkix-jdk15on-1.55.jar
7f564c9e1000-7f564c9e3000 r--s 0000c000 08:03 887101                     /app/cache/caches/modules-2/files-2.1/org.springframework.security/spring-security-crypto/4.2.3.RELEASE/a5c850acc91bff1970fe751d7407df81c4bce3cc/spring-security-crypto-4.2.3.RELEASE.jar
7f564c9e3000-7f564c9e9000 r--s 0003d000 08:03 887093                     /app/cache/caches/modules-2/files-2.1/org.yaml/snakeyaml/1.17/7a27ea250c5130b2922b86dea63cbb1cc10a660c/snakeyaml-1.17.jar
7f564c9e9000-7f564ca00000 r--s 000fc000 08:03 887102                     /app/cache/caches/modules-2/files-2.1/org.springframework/spring-core/4.3.12.RELEASE/4cebc69478c6d350dbd5af28e3db7d5694f416e3/spring-core-4.3.12.RELEASE.jar
7f564ca00000-7f564ca05000 r--s 0003c000 08:03 887086                     /app/cache/caches/modules-2/files-2.1/org.springframework/spring-expression/4.3.12.RELEASE/790f69f6ad7f9da8d4a92c603ad7244c398c8309/spring-expression-4.3.12.RELEASE.jar
7f564ca05000-7f564ca13000 r--s 000ad000 08:03 887084                     /app/cache/caches/modules-2/files-2.1/org.springframework/spring-beans/4.3.12.RELEASE/547dd432d47d0f01d9ccbedc4b705f9f7c1240a/spring-beans-4.3.12.RELEASE.jar
7f564ca13000-7f564ca1c000 r--s 00054000 08:03 887077                     /app/cache/caches/modules-2/files-2.1/org.springframework/spring-aop/4.3.12.RELEASE/b3fef085902993c2ef874c45c7bfd79296d5a5a4/spring-aop-4.3.12.RELEASE.jar
7f564ca1c000-7f564ca35000 r--s 000fe000 08:03 887079                     /app/cache/caches/modules-2/files-2.1/org.springframework/spring-context/4.3.12.RELEASE/5e6d26f36636f36b7efec1d6a0c5991284fbd95b/spring-context-4.3.12.RELEASE.jar
7f564ca35000-7f564ca37000 r--s 00005000 08:03 887082                     /app/cache/caches/modules-2/files-2.1/xpp3/xpp3_min/1.1.4c/19d4e90b43059058f6e056f794f0ea4030d60b86/xpp3_min-1.1.4c.jar
7f564ca37000-7f564ca38000 r--s 00001000 08:03 887063                     /app/cache/caches/modules-2/files-2.1/xmlpull/xmlpull/1.1.3.1/2b8e230d2ab644e4ecaa94db7cdedbc40c805dfa/xmlpull-1.1.3.1.jar
7f564ca38000-7f564ca3e000 r--s 00071000 08:03 887075                     /app/cache/caches/modules-2/files-2.1/org.codehaus.woodstox/woodstox-core-asl/4.4.1/84fee5eb1a4a1cefe65b6883c73b3fa83be3c1a1/woodstox-core-asl-4.4.1.jar
7f564ca3e000-7f564ca4b000 r--s 000aa000 08:03 887073                     /app/cache/caches/modules-2/files-2.1/org.apache.httpcomponents/httpclient/4.5.3/d1577ae15f01ef5438c5afc62162457c00a34713/httpclient-4.5.3.jar
7f564ca4b000-7f564ca4d000 r--s 0000a000 08:03 887070                     /app/cache/caches/modules-2/files-2.1/javax.ws.rs/jsr311-api/1.1.1/59033da2a1afd56af1ac576750a8d0b1830d59e6/jsr311-api-1.1.1.jar
7f564ca4d000-7f564ca57000 r--s 00061000 08:03 887061                     /app/cache/caches/modules-2/files-2.1/com.sun.jersey/jersey-core/1.19.1/4282d106f2acd5051bd9bc2935ed9a2920c9385/jersey-core-1.19.1.jar
7f564ca57000-7f564ca5a000 r--s 0001e000 08:03 887068                     /app/cache/caches/modules-2/files-2.1/com.sun.jersey/jersey-client/1.19.1/2df97ebd4e5c01599584c45caa3aeb563d268eef/jersey-client-1.19.1.jar
7f564ca5a000-7f564ca5c000 r--s 00003000 08:03 887066                     /app/cache/caches/modules-2/files-2.1/com.sun.jersey.contribs/jersey-apache-client4/1.19.1/e1c45701a003097ace96bed4bc8fb937e9867498/jersey-apache-client4-1.19.1.jar
7f564ca5c000-7f564ca5f000 r--s 00012000 08:03 887046                     /app/cache/caches/modules-2/files-2.1/org.codehaus.jettison/jettison/1.3.7/7d36a59a0577f11b12088b9e215d6860345b9e1d/jettison-1.3.7.jar
7f564ca5f000-7f564ca6f000 r--s 00095000 08:03 887057                     /app/cache/caches/modules-2/files-2.1/org.springframework.boot/spring-boot/1.5.8.RELEASE/748ebde51761e12627ad23d064024f342b18f9b4/spring-boot-1.5.8.RELEASE.jar
7f564ca6f000-7f564ca8f000 r--s 000e6000 08:03 887059                     /app/cache/caches/modules-2/files-2.1/org.springframework.boot/spring-boot-autoconfigure/1.5.8.RELEASE/e4f2efa4c319f4e3613d94fbccfdb5ccda6873e3/spring-boot-autoconfigure-1.5.8.RELEASE.jar
7f564ca8f000-7f564ca91000 r--s 00009000 08:03 887054                     /app/cache/caches/modules-2/files-2.1/org.slf4j/slf4j-api/1.7.25/da76ca59f6a57ee3102f8f9bd9cee742973efa8a/slf4j-api-1.7.25.jar
7f564ca91000-7f564ca93000 r--s 00004000 08:03 887047                     /app/cache/caches/modules-2/files-2.1/org.slf4j/log4j-over-slf4j/1.7.25/a87bb47468f47ee7aabbd54f93e133d4215769c3/log4j-over-slf4j-1.7.25.jar
7f564ca93000-7f564ca95000 r--s 00000000 08:03 887052                     /app/cache/caches/modules-2/files-2.1/org.slf4j/jul-to-slf4j/1.7.25/af5364cd6679bfffb114f0dec8a157aaa283b76/jul-to-slf4j-1.7.25.jar
7f564ca95000-7f564ca97000 r--s 00003000 08:03 887045                     /app/cache/caches/modules-2/files-2.1/org.slf4j/jcl-over-slf4j/1.7.25/f8c32b13ff142a513eeb5b6330b1588dcb2c0461/jcl-over-slf4j-1.7.25.jar
7f564ca97000-7f564ca9e000 r--s 00045000 08:03 887043                     /app/cache/caches/modules-2/files-2.1/ch.qos.logback/logback-classic/1.1.11/ccedfbacef4a6515d2983e3f89ed753d5d4fb665/logback-classic-1.1.11.jar
7f564ca9e000-7f564ca9f000 r--s 00000000 08:03 887041                     /app/cache/caches/modules-2/files-2.1/org.springframework.boot/spring-boot-starter-logging/1.5.8.RELEASE/ebc00a0e46753d90431fdcc5e3d6b9fd3bf1564a/spring-boot-starter-logging-1.5.8.RELEASE.jar
7f564ca9f000-7f564caa1000 r--s 00002000 08:03 887030                     /app/cache/caches/modules-2/files-2.1/com.netflix.netflix-commons/netflix-statistics/0.1.1/12f6e48253f9cafa0e24d7d232ff504c52143212/netflix-statistics-0.1.1.jar
7f564caa1000-7f564caa2000 r--s 00001000 08:03 887031                     /app/cache/caches/modules-2/files-2.1/com.netflix.netflix-commons/netflix-commons-util/0.1.1/39e67061780476f207b31465baaed84a91ff659f/netflix-commons-util-0.1.1.jar
7f564caa2000-7f564caa6000 r--s 0002a000 08:03 887050                     /app/cache/caches/modules-2/files-2.1/commons-io/commons-io/2.4/b1b6ea3b7e4aa4f492509a4952029cd8e48019ad/commons-io-2.4.jar
7f564caa6000-7f564cad1000 r--s 001fc000 08:03 887062                     /app/cache/caches/modules-2/files-2.1/com.google.guava/guava/18.0/cce0823396aa693798f8882e64213b1772032b09/guava-18.0.jar
7f564cad1000-7f564cad5000 r--s 00027000 08:03 887038                     /app/cache/caches/modules-2/files-2.1/com.netflix.servo/servo-internal/0.10.1/bb6f9cd7b309189bad01b93a806ba9d6cb5d915a/servo-internal-0.10.1.jar
7f564cad5000-7f564cae3000 r--s 00097000 08:03 887029                     /app/cache/caches/modules-2/files-2.1/com.google.inject/guice/4.1.0/eeb69005da379a10071aa4948c48d89250febb07/guice-4.1.0.jar
7f564cae3000-7f564cafb000 r--s 000fc000 08:03 887034                     /app/cache/caches/modules-2/files-2.1/io.reactivex/rxjava/1.2.0/42bfaf64c94f3848ebf5cf1c2ea4ec9d1b3ac6c8/rxjava-1.2.0.jar
7f564cafb000-7f564cafc000 ---p 00000000 00:00 0 
7f564cafc000-7f564cbfc000 rw-p 00000000 00:00 0 
7f564cbfc000-7f564cbff000 ---p 00000000 00:00 0 
7f564cbff000-7f564ccfd000 rw-p 00000000 00:00 0 
7f564ccfd000-7f564ccfe000 ---p 00000000 00:00 0 
7f564ccfe000-7f564cd01000 ---p 00000000 00:00 0 
7f564cd01000-7f564cdfe000 rw-p 00000000 00:00 0 
7f564cdfe000-7f564cdff000 ---p 00000000 00:00 0 
7f564cdff000-7f564ce02000 ---p 00000000 00:00 0 
7f564ce02000-7f564ceff000 rw-p 00000000 00:00 0 
7f564ceff000-7f564cf00000 ---p 00000000 00:00 0 
7f564cf00000-7f564cf03000 ---p 00000000 00:00 0 
7f564cf03000-7f564d000000 rw-p 00000000 00:00 0 
7f564d000000-7f564e140000 rwxp 00000000 00:00 0 
7f564e140000-7f565c000000 ---p 00000000 00:00 0 
7f565c000000-7f565d045000 rw-p 00000000 00:00 0 
7f565d045000-7f5660000000 ---p 00000000 00:00 0 
7f5660000000-7f5660003000 r--s 00016000 08:03 887027                     /app/cache/caches/modules-2/files-2.1/com.netflix.netflix-commons/netflix-infix/0.3.0/acc65969f7367ddd2f1265e0cd7330509ed530dc/netflix-infix-0.3.0.jar
7f5660003000-7f5660008000 r--s 00032000 08:03 887036                     /app/cache/caches/modules-2/files-2.1/com.netflix.servo/servo-core/0.10.1/7461ed61647f9996c88ad822546ffc7851a45e0e/servo-core-0.10.1.jar
7f5660008000-7f566000c000 r--s 00042000 08:03 887014                     /app/cache/caches/modules-2/files-2.1/com.fasterxml.jackson.core/jackson-core/2.8.10/eb21a035c66ad307e66ec8fce37f5d50fd62d039/jackson-core-2.8.10.jar
7f566000c000-7f566000f000 r--s 0000b000 08:03 887015                     /app/cache/caches/modules-2/files-2.1/com.fasterxml.jackson.core/jackson-annotations/2.8.0/45b426f7796b741035581a176744d91090e2e6fb/jackson-annotations-2.8.0.jar
7f566000f000-7f5660016000 r--s 00050000 08:03 887025                     /app/cache/caches/modules-2/files-2.1/commons-configuration/commons-configuration/1.8/6cce40435bcd8018018f16898de01976b319941a/commons-configuration-1.8.jar
7f5660016000-7f5660020000 r--s 00059000 08:03 887013                     /app/cache/caches/modules-2/files-2.1/io.reactivex/rxnetty/0.4.9/5aff3c9d6bb9d9066c378bb3d2a4413ed1773bcf/rxnetty-0.4.9.jar
7f5660020000-7f5660022000 r--s 00006000 08:03 887011                     /app/cache/caches/modules-2/files-2.1/io.reactivex/rxnetty-servo/0.4.9/b7d6d6e132686c280f16710eaa3e90719f6808f8/rxnetty-servo-0.4.9.jar
7f5660022000-7f5660025000 r--s 0000b000 08:03 887018                     /app/cache/caches/modules-2/files-2.1/io.reactivex/rxnetty-contexts/0.4.9/6efe17a25602a5424c18ab975aa9c28b6d6b7f56/rxnetty-contexts-0.4.9.jar
7f5660025000-7f5660036000 r--s 000b8000 08:03 887022                     /app/cache/caches/modules-2/files-2.1/org.springframework/spring-web/4.3.12.RELEASE/86c29588cca74d0fc848b194cb13fcdfd12bc990/spring-web-4.3.12.RELEASE.jar
7f5660036000-7f5660047000 r--s 000cf000 08:03 887020                     /app/cache/caches/modules-2/files-2.1/org.springframework/spring-webmvc/4.3.12.RELEASE/986e5dcd4435e780f6be64f8185eaa51523cf851/spring-webmvc-4.3.12.RELEASE.jar
7f5660047000-7f5660059000 r--s 0011e000 08:03 887009                     /app/cache/caches/modules-2/files-2.1/com.fasterxml.jackson.core/jackson-databind/2.8.10/f7b83cb2bc4b88d53961e749e1ad32f49ef017b7/jackson-databind-2.8.10.jar
7f5660059000-7f566005c000 r--s 00021000 08:03 886998                     /app/cache/caches/modules-2/files-2.1/com.fasterxml.jackson.module/jackson-module-afterburner/2.8.10/7fcd1eabc5d66242d6cc9b6b3f94f946ceb7109c/jackson-module-afterburner-2.8.10.jar
7f566005c000-7f5660060000 r--s 0001e000 08:03 886999                     /app/cache/caches/modules-2/files-2.1/com.netflix.archaius/archaius-core/0.7.4/d6b5e5c541452248fd8565ccd0732623c81a30b5/archaius-core-0.7.4.jar
7f5660060000-7f5660062000 r--s 0000f000 08:03 887006                     /app/cache/caches/modules-2/files-2.1/com.netflix.netflix-commons/netflix-eventbus/0.3.0/3f864adbe81f0849729fcbba3fe693c32be739ea/netflix-eventbus-0.3.0.jar
7f5660062000-7f5660066000 r--s 00011000 08:03 887004                     /app/cache/caches/modules-2/files-2.1/com.netflix.ribbon/ribbon-core/2.2.4/f86e87244899fb0e5afda719aa76b5ce6b87453b/ribbon-core-2.2.4.jar
7f5660066000-7f566006a000 r--s 00024000 08:03 887002                     /app/cache/caches/modules-2/files-2.1/com.netflix.ribbon/ribbon-loadbalancer/2.2.4/2927d9956875fe0cbe8cd7d8e845b1943d08548c/ribbon-loadbalancer-2.2.4.jar
7f566006a000-7f566006b000 r--s 00009000 08:03 886993                     /app/cache/caches/modules-2/files-2.1/com.netflix.ribbon/ribbon-transport/2.2.4/84c8b4801225ba52a929fdca41ccc0f2177f3db4/ribbon-transport-2.2.4.jar
7f566006b000-7f566006d000 r--s 0000c000 08:03 886982                     /app/cache/caches/modules-2/files-2.1/com.netflix.ribbon/ribbon-httpclient/2.2.4/7abf937cdc019e6137aecf5499e95ea213802255/ribbon-httpclient-2.2.4.jar
7f566006d000-7f5660079000 r--s 00068000 08:03 886995                     /app/cache/caches/modules-2/files-2.1/com.netflix.hystrix/hystrix-core/1.5.12/75379b6671fcaa9cec33035df684a68ec7741ca6/hystrix-core-1.5.12.jar
7f5660079000-7f566007b000 r--s 00007000 08:03 886983                     /app/cache/caches/modules-2/files-2.1/com.netflix.hystrix/hystrix-serialization/1.5.12/ef4a2758e5bc6cf42ae848d4ba3d5363e0a2b27/hystrix-serialization-1.5.12.jar
7f566007b000-7f566007f000 r--s 00012000 08:03 886988                     /app/cache/caches/modules-2/files-2.1/com.netflix.ribbon/ribbon/2.2.4/6cd5aaa08e53e8871df633c94dc814f1c365ba5d/ribbon-2.2.4.jar
7f566007f000-7f5660085000 r--s 00026000 08:03 886981                     /app/cache/caches/modules-2/files-2.1/com.netflix.hystrix/hystrix-javanica/1.5.12/5e4d888e0dba811e8ac3a9dbc8cbcc511734ace4/hystrix-javanica-1.5.12.jar
7f5660085000-7f5660087000 r--s 0000c000 08:03 886979                     /app/cache/caches/modules-2/files-2.1/com.netflix.hystrix/hystrix-metrics-event-stream/1.5.12/3b3beae83ab5e8c10154c9e9581d7c210276e227/hystrix-metrics-event-stream-1.5.12.jar
7f5660087000-7f5660097000 r--s 00079000 08:03 886990                     /app/cache/caches/modules-2/files-2.1/org.springframework.boot/spring-boot-actuator/1.5.8.RELEASE/aac530fe877ed91c92831019755c49f29b08e6/spring-boot-actuator-1.5.8.RELEASE.jar
7f5660097000-7f56600a8000 r--s 000a1000 08:03 886997                     /app/cache/caches/modules-2/files-2.1/org.hibernate/hibernate-validator/5.3.5.Final/622a9bcef2eed6d41b5b8e0662c36212009e375/hibernate-validator-5.3.5.Final.jar
7f56600a8000-7f56600a9000 r--s 00000000 08:03 886986                     /app/cache/caches/modules-2/files-2.1/org.springframework.boot/spring-boot-starter-tomcat/1.5.8.RELEASE/cf3b7eb7e192a60ab1dd09e4f8bce82710a5feb0/spring-boot-starter-tomcat-1.5.8.RELEASE.jar
7f56600a9000-7f56600aa000 r--s 00004000 08:03 886974                     /app/cache/caches/modules-2/files-2.1/org.springframework.security/spring-security-rsa/1.0.3.RELEASE/b0b1ee770597b5de1b51e9a889dfd2dc35d251b0/spring-security-rsa-1.0.3.RELEASE.jar
7f56600aa000-7f56600af000 r--s 0001a000 08:03 886977                     /app/cache/caches/modules-2/files-2.1/org.springframework.cloud/spring-cloud-commons/1.3.0.RELEASE/abe03c05157401cab39fb59f5bccb8d74c6b3b0a/spring-cloud-commons-1.3.0.RELEASE.jar
7f56600af000-7f56600b2000 r--s 00015000 08:03 886967                     /app/cache/caches/modules-2/files-2.1/org.springframework.cloud/spring-cloud-context/1.3.0.RELEASE/e16e5b26ea996511dbcee2bb64d89c54a8191d8a/spring-cloud-context-1.3.0.RELEASE.jar
7f56600b2000-7f56600b3000 r--s 00000000 08:03 886965                     /app/cache/caches/modules-2/files-2.1/org.springframework.boot/spring-boot-starter/1.5.8.RELEASE/18048efe1f06569022a53cc3fb2fe9c0162935a3/spring-boot-starter-1.5.8.RELEASE.jar
7f56600b3000-7f56600c1000 r--s 00079000 08:03 886966                     /app/cache/caches/modules-2/files-2.1/com.thoughtworks.xstream/xstream/1.4.9/c43f6e6bfa79b56e04a8898a923c3cf7144dd460/xstream-1.4.9.jar
7f56600c1000-7f56600ca000 r--s 0005b000 08:03 886963                     /app/cache/caches/modules-2/files-2.1/com.netflix.eureka/eureka-client/1.7.0/1e4a90489cf9863de2b21087dfa443f13be35ae3/eureka-client-1.7.0.jar
7f56600ca000-7f56600cc000 r--s 00003000 08:03 886970                     /app/cache/caches/modules-2/files-2.1/com.netflix.ribbon/ribbon-eureka/2.2.4/21a27ef8be22e85df2b837398004aea907a920fb/ribbon-eureka-2.2.4.jar
7f56600cc000-7f56600d1000 r--s 00039000 08:03 886972                     /app/cache/caches/modules-2/files-2.1/com.netflix.eureka/eureka-core/1.7.0/de4764b03847326717cef268b98022f9daaa7087/eureka-core-1.7.0.jar
7f56600d1000-7f56600db000 r--s 0005c000 08:03 886961                     /app/cache/caches/modules-2/files-2.1/org.springframework.cloud/spring-cloud-netflix-core/1.4.0.RELEASE/269f52331438e43210ac7a2ff3a3def16c201316/spring-cloud-netflix-core-1.4.0.RELEASE.jar
7f56600db000-7f56600de000 r--s 00014000 08:03 886950                     /app/cache/caches/modules-2/files-2.1/org.springframework.cloud/spring-cloud-netflix-eureka-client/1.4.0.RELEASE/42725b9b1cf1d1763397461918f8e81d6a28214d/spring-cloud-netflix-eureka-client-1.4.0.RELEASE.jar
7f56600de000-7f56600e0000 r--s 00013000 08:03 886956                     /app/cache/caches/modules-2/files-2.1/com.netflix.zuul/zuul-core/1.3.0/3974695eb1c9845a2fc575acfdea2d8d91deba1b/zuul-core-1.3.0.jar
7f56600e0000-7f56600e1000 r--s 00000000 08:03 886958                     /app/cache/caches/modules-2/files-2.1/org.springframework.boot/spring-boot-starter-actuator/1.5.8.RELEASE/927c40a1af518dc240dfdf7aaf0a9673c3a127c5/spring-boot-starter-actuator-1.5.8.RELEASE.jar
7f56600e1000-7f56600e2000 r--s 00000000 08:03 886949                     /app/cache/caches/modules-2/files-2.1/org.springframework.boot/spring-boot-starter-web/1.5.8.RELEASE/7e0dc79e3b47be4539ad3c033639133ae6b7a17e/spring-boot-starter-web-1.5.8.RELEASE.jar
7f56600e2000-7f56600e3000 r--s 00000000 08:03 886947                     /app/cache/caches/modules-2/files-2.1/org.springframework.cloud/spring-cloud-starter/1.3.0.RELEASE/4e77ffd84269a271c1bda469e0cd718653ab8bd1/spring-cloud-starter-1.3.0.RELEASE.jar
7f56600e3000-7f56600e4000 r--s 00000000 08:03 886954                     /app/cache/caches/modules-2/files-2.1/org.springframework.cloud/spring-cloud-starter-netflix-archaius/1.4.0.RELEASE/7986096a2f72bc4e60d512fd015a18df68f1a057/spring-cloud-starter-netflix-archaius-1.4.0.RELEASE.jar
7f56600e4000-7f56600e5000 r--s 00000000 08:03 886945                     /app/cache/caches/modules-2/files-2.1/org.springframework.cloud/spring-cloud-starter-netflix-ribbon/1.4.0.RELEASE/cd8fb40e62f8480a5fad90e355a2cb7b3ed382b3/spring-cloud-starter-netflix-ribbon-1.4.0.RELEASE.jar
7f56600e5000-7f56600e8000 ---p 00000000 00:00 0 
7f56600e8000-7f56601e6000 rw-p 00000000 00:00 0 
7f56601e6000-7f5660209000 r--p 00000000 08:04 1075239                    /usr/glibc-compat/lib/locale/locale-archive
7f5660209000-7f566020c000 ---p 00000000 00:00 0 
7f566020c000-7f566030a000 rw-p 00000000 00:00 0 
7f566030a000-7f566030d000 ---p 00000000 00:00 0 
7f566030d000-7f566040b000 rw-p 00000000 00:00 0 
7f566040b000-7f566040c000 ---p 00000000 00:00 0 
7f566040c000-7f56614cd000 rw-p 00000000 00:00 0 
7f56614cd000-7f56616a7000 r--s 03d6a000 08:04 961686                     /opt/jdk1.8.0_172/jre/lib/rt.jar
7f56616a7000-7f56622e6000 rw-p 00000000 00:00 0 
7f56622e6000-7f56622e7000 ---p 00000000 00:00 0 
7f56622e7000-7f56623e7000 rw-p 00000000 00:00 0 
7f56623e7000-7f56623e8000 ---p 00000000 00:00 0 
7f56623e8000-7f56624e8000 rw-p 00000000 00:00 0 
7f56624e8000-7f56624e9000 ---p 00000000 00:00 0 
7f56624e9000-7f56625e9000 rw-p 00000000 00:00 0 
7f56625e9000-7f56625ea000 ---p 00000000 00:00 0 
7f56625ea000-7f5662716000 rw-p 00000000 00:00 0 
7f5662716000-7f5662970000 ---p 00000000 00:00 0 
7f5662970000-7f566299c000 rw-p 00000000 00:00 0 
7f566299c000-7f5662bf6000 ---p 00000000 00:00 0 
7f5662bf6000-7f5662ca7000 rw-p 00000000 00:00 0 
7f5662ca7000-7f5662d39000 ---p 00000000 00:00 0 
7f5662d39000-7f5662d7f000 rw-p 00000000 00:00 0 
7f5662d7f000-7f56630fa000 ---p 00000000 00:00 0 
7f56630fa000-7f5663115000 r-xp 00000000 08:04 961557                     /opt/jdk1.8.0_172/jre/lib/amd64/libzip.so
7f5663115000-7f5663315000 ---p 0001b000 08:04 961557                     /opt/jdk1.8.0_172/jre/lib/amd64/libzip.so
7f5663315000-7f5663316000 rw-p 0001b000 08:04 961557                     /opt/jdk1.8.0_172/jre/lib/amd64/libzip.so
7f5663316000-7f5663321000 r-xp 00000000 08:04 1075216                    /usr/glibc-compat/lib/libnss_files-2.27.so
7f5663321000-7f5663520000 ---p 0000b000 08:04 1075216                    /usr/glibc-compat/lib/libnss_files-2.27.so
7f5663520000-7f5663521000 r--p 0000a000 08:04 1075216                    /usr/glibc-compat/lib/libnss_files-2.27.so
7f5663521000-7f5663522000 rw-p 0000b000 08:04 1075216                    /usr/glibc-compat/lib/libnss_files-2.27.so
7f5663522000-7f5663528000 rw-p 00000000 00:00 0 
7f5663528000-7f5663553000 r-xp 00000000 08:04 961531                     /opt/jdk1.8.0_172/jre/lib/amd64/libjava.so
7f5663553000-7f5663752000 ---p 0002b000 08:04 961531                     /opt/jdk1.8.0_172/jre/lib/amd64/libjava.so
7f5663752000-7f5663754000 rw-p 0002a000 08:04 961531                     /opt/jdk1.8.0_172/jre/lib/amd64/libjava.so
7f5663754000-7f5663761000 r-xp 00000000 08:04 961556                     /opt/jdk1.8.0_172/jre/lib/amd64/libverify.so
7f5663761000-7f5663961000 ---p 0000d000 08:04 961556                     /opt/jdk1.8.0_172/jre/lib/amd64/libverify.so
7f5663961000-7f5663963000 rw-p 0000d000 08:04 961556                     /opt/jdk1.8.0_172/jre/lib/amd64/libverify.so
7f5663963000-7f566396a000 r-xp 00000000 08:04 1075229                    /usr/glibc-compat/lib/librt-2.27.so
7f566396a000-7f5663b69000 ---p 00007000 08:04 1075229                    /usr/glibc-compat/lib/librt-2.27.so
7f5663b69000-7f5663b6a000 r--p 00006000 08:04 1075229                    /usr/glibc-compat/lib/librt-2.27.so
7f5663b6a000-7f5663b6b000 rw-p 00007000 08:04 1075229                    /usr/glibc-compat/lib/librt-2.27.so
7f5663b6b000-7f5663cff000 r-xp 00000000 08:04 1075198                    /usr/glibc-compat/lib/libm-2.27.so
7f5663cff000-7f5663efe000 ---p 00194000 08:04 1075198                    /usr/glibc-compat/lib/libm-2.27.so
7f5663efe000-7f5663eff000 r--p 00193000 08:04 1075198                    /usr/glibc-compat/lib/libm-2.27.so
7f5663eff000-7f5663f00000 rw-p 00194000 08:04 1075198                    /usr/glibc-compat/lib/libm-2.27.so
7f5663f00000-7f5664bdc000 r-xp 00000000 08:04 961561                     /opt/jdk1.8.0_172/jre/lib/amd64/server/libjvm.so
7f5664bdc000-7f5664ddc000 ---p 00cdc000 08:04 961561                     /opt/jdk1.8.0_172/jre/lib/amd64/server/libjvm.so
7f5664ddc000-7f5664eb6000 rw-p 00cdc000 08:04 961561                     /opt/jdk1.8.0_172/jre/lib/amd64/server/libjvm.so
7f5664eb6000-7f5664f01000 rw-p 00000000 00:00 0 
7f5664f01000-7f56650ac000 r-xp 00000000 08:04 1075186                    /usr/glibc-compat/lib/libc-2.27.so
7f56650ac000-7f56652ac000 ---p 001ab000 08:04 1075186                    /usr/glibc-compat/lib/libc-2.27.so
7f56652ac000-7f56652b0000 r--p 001ab000 08:04 1075186                    /usr/glibc-compat/lib/libc-2.27.so
7f56652b0000-7f56652b2000 rw-p 001af000 08:04 1075186                    /usr/glibc-compat/lib/libc-2.27.so
7f56652b2000-7f56652b6000 rw-p 00000000 00:00 0 
7f56652b6000-7f56652b9000 r-xp 00000000 08:04 1075195                    /usr/glibc-compat/lib/libdl-2.27.so
7f56652b9000-7f56654b8000 ---p 00003000 08:04 1075195                    /usr/glibc-compat/lib/libdl-2.27.so
7f56654b8000-7f56654b9000 r--p 00002000 08:04 1075195                    /usr/glibc-compat/lib/libdl-2.27.so
7f56654b9000-7f56654ba000 rw-p 00003000 08:04 1075195                    /usr/glibc-compat/lib/libdl-2.27.so
7f56654ba000-7f56654d0000 r-xp 00000000 08:04 961709                     /opt/jdk1.8.0_172/lib/amd64/jli/libjli.so
7f56654d0000-7f56656cf000 ---p 00016000 08:04 961709                     /opt/jdk1.8.0_172/lib/amd64/jli/libjli.so
7f56656cf000-7f56656d0000 rw-p 00015000 08:04 961709                     /opt/jdk1.8.0_172/lib/amd64/jli/libjli.so
7f56656d0000-7f56656e9000 r-xp 00000000 08:04 1075223                    /usr/glibc-compat/lib/libpthread-2.27.so
7f56656e9000-7f56658e8000 ---p 00019000 08:04 1075223                    /usr/glibc-compat/lib/libpthread-2.27.so
7f56658e8000-7f56658e9000 r--p 00018000 08:04 1075223                    /usr/glibc-compat/lib/libpthread-2.27.so
7f56658e9000-7f56658ea000 rw-p 00019000 08:04 1075223                    /usr/glibc-compat/lib/libpthread-2.27.so
7f56658ea000-7f56658ee000 rw-p 00000000 00:00 0 
7f56658ee000-7f5665913000 r-xp 00000000 08:04 1075177                    /usr/glibc-compat/lib/ld-2.27.so
7f5665913000-7f5665914000 r--s 00000000 08:03 886935                     /app/cache/caches/modules-2/files-2.1/org.springframework.cloud/spring-cloud-starter-netflix-hystrix/1.4.0.RELEASE/d122c17820c89a02efba326fc8827fcfe16679d9/spring-cloud-starter-netflix-hystrix-1.4.0.RELEASE.jar
7f5665914000-7f5665915000 r--s 00000000 08:03 886941                     /app/cache/caches/modules-2/files-2.1/org.springframework.cloud/spring-cloud-starter-netflix-eureka-client/1.4.0.RELEASE/9d70a14b1898c988259767b3be700fb1469c955a/spring-cloud-starter-netflix-eureka-client-1.4.0.RELEASE.jar
7f5665915000-7f5665916000 r--s 00000000 08:03 887255                     /app/cache/caches/modules-2/files-2.1/org.springframework.cloud/spring-cloud-starter-netflix-zuul/1.4.0.RELEASE/376417e8c45718ee7b30039127b8e4abe7bb4442/spring-cloud-starter-netflix-zuul-1.4.0.RELEASE.jar
7f5665916000-7f5665917000 r--s 00000000 08:03 886940                     /app/cache/caches/modules-2/files-2.1/org.springframework.cloud/spring-cloud-starter-eureka/1.4.0.RELEASE/d786de8c09734870d3e7679db2324cc7564a9df4/spring-cloud-starter-eureka-1.4.0.RELEASE.jar
7f5665917000-7f5665918000 r--s 00000000 08:03 886951                     /app/cache/caches/modules-2/files-2.1/org.springframework.cloud/spring-cloud-starter-zuul/1.4.0.RELEASE/4e21d5212ab09f5a263fb480fe1a6920417299c9/spring-cloud-starter-zuul-1.4.0.RELEASE.jar
7f5665918000-7f5665a03000 rw-p 00000000 00:00 0 
7f5665a03000-7f5665a0b000 rw-s 00000000 08:04 664818                     /tmp/hsperfdata_root/81
7f5665a0b000-7f5665a0c000 ---p 00000000 00:00 0 
7f5665a0c000-7f5665a0f000 ---p 00000000 00:00 0 
7f5665a0f000-7f5665b11000 rw-p 00000000 00:00 0 
7f5665b11000-7f5665b12000 ---p 00000000 00:00 0 
7f5665b12000-7f5665b13000 r--p 00024000 08:04 1075177                    /usr/glibc-compat/lib/ld-2.27.so
7f5665b13000-7f5665b14000 rw-p 00025000 08:04 1075177                    /usr/glibc-compat/lib/ld-2.27.so
7f5665b14000-7f5665b15000 rw-p 00000000 00:00 0 
7ffcda824000-7ffcda849000 rw-p 00000000 00:00 0                          [stack]
7ffcda9dd000-7ffcda9e0000 r--p 00000000 00:00 0                          [vvar]
7ffcda9e0000-7ffcda9e2000 r-xp 00000000 00:00 0                          [vdso]
ffffffffff600000-ffffffffff601000 r-xp 00000000 00:00 0                  [vsyscall]

VM Arguments:
jvm_args: -Dfile.encoding=UTF-8 -Duser.country -Duser.language=en -Duser.variant 
java_command: com.example.apigateway.ZuulGatewayApplication
java_class_path (initial): /app/build/classes/java/main:/app/build/resources/main:/app/cache/caches/modules-2/files-2.1/org.springframework.cloud/spring-cloud-starter-zuul/1.4.0.RELEASE/4e21d5212ab09f5a263fb480fe1a6920417299c9/spring-cloud-starter-zuul-1.4.0.RELEASE.jar:/app/cache/caches/modules-2/files-2.1/org.springframework.cloud/spring-cloud-starter-eureka/1.4.0.RELEASE/d786de8c09734870d3e7679db2324cc7564a9df4/spring-cloud-starter-eureka-1.4.0.RELEASE.jar:/app/cache/caches/modules-2/files-2.1/org.springframework.cloud/spring-cloud-starter-netflix-zuul/1.4.0.RELEASE/376417e8c45718ee7b30039127b8e4abe7bb4442/spring-cloud-starter-netflix-zuul-1.4.0.RELEASE.jar:/app/cache/caches/modules-2/files-2.1/org.springframework.cloud/spring-cloud-starter-netflix-eureka-client/1.4.0.RELEASE/9d70a14b1898c988259767b3be700fb1469c955a/spring-cloud-starter-netflix-eureka-client-1.4.0.RELEASE.jar:/app/cache/caches/modules-2/files-2.1/org.springframework.cloud/spring-cloud-starter-netflix-hystrix/1.4.0.RELEASE/d122c17820c89a02efba326fc8827fcfe16679d9/spring-cloud-starter-netflix-hystrix-1.4.0.RELEASE.jar:/app/cache/caches/modules-2/files-2.1/org.springframework.cloud/spring-cloud-starter-netflix-ribbon/1.4.0.RELEASE/cd8fb40e62f8480a5fad90e355a2cb7b3ed382b3/spring-cloud-starter-netflix-ribbon-1.4.0.RELEASE.jar:/app/cache/caches/modules-2/files-2.1/org.springframework.cloud/spring-cloud-starter-netflix-archaius/1.4.0.RELEASE/7986096a2f72bc4e60d512fd015a18df68f1a057/spring-cloud-starter-netflix-archaius-1.4.0.RELEASE.jar:/app/cache/caches/modules-2/files-2.1/org.springframework.cloud/spring-cloud-starter/1.3.0.RELEASE/4e77ffd84269a271c1bda469e0cd718653ab8bd1/spring-cloud-starter-1.3.0.RELEASE.jar:/app/cache/caches/modules-2/files-2.1/org.springframework.boot/spring-boot-starter-web/1.5.8.RELEASE/7e0dc79e3b47be4539ad3c033639133ae6b7a17e/spring-boot-starter-web-1.5.8.RELEASE.jar:/app/cache/caches/modules-2/files-2.1/org.springframework.boot/spring-boot-starter-actuator/1.5.8.RELEASE/927c
Launcher Type: SUN_STANDARD

Environment Variables:
JAVA_HOME=/opt/jdk
PATH=/usr/local/sbin:/usr/local/bin:/usr/sbin:/usr/bin:/sbin:/bin:/opt/jdk/bin

Signal Handlers:
SIGSEGV: [libjvm.so+0xad2ab0], sa_mask[0]=11111111011111111101111111111110, sa_flags=SA_RESTART|SA_SIGINFO
SIGBUS: [libjvm.so+0xad2ab0], sa_mask[0]=11111111011111111101111111111110, sa_flags=SA_RESTART|SA_SIGINFO
SIGFPE: [libjvm.so+0x92a790], sa_mask[0]=11111111011111111101111111111110, sa_flags=SA_RESTART|SA_SIGINFO
SIGPIPE: [libjvm.so+0x92a790], sa_mask[0]=11111111011111111101111111111110, sa_flags=SA_RESTART|SA_SIGINFO
SIGXFSZ: [libjvm.so+0x92a790], sa_mask[0]=11111111011111111101111111111110, sa_flags=SA_RESTART|SA_SIGINFO
SIGILL: [libjvm.so+0x92a790], sa_mask[0]=11111111011111111101111111111110, sa_flags=SA_RESTART|SA_SIGINFO
SIGUSR1: SIG_DFL, sa_mask[0]=00000000000000000000000000000000, sa_flags=none
SIGUSR2: [libjvm.so+0x92bff0], sa_mask[0]=00100000000000000000000000000000, sa_flags=SA_RESTART|SA_SIGINFO
SIGHUP: [libjvm.so+0x92d3f0], sa_mask[0]=11111111011111111101111111111110, sa_flags=SA_RESTART|SA_SIGINFO
SIGINT: [libjvm.so+0x92d3f0], sa_mask[0]=11111111011111111101111111111110, sa_flags=SA_RESTART|SA_SIGINFO
SIGTERM: [libjvm.so+0x92d3f0], sa_mask[0]=11111111011111111101111111111110, sa_flags=SA_RESTART|SA_SIGINFO
SIGQUIT: [libjvm.so+0x92d3f0], sa_mask[0]=11111111011111111101111111111110, sa_flags=SA_RESTART|SA_SIGINFO


---------------  S Y S T E M  ---------------

OS:NAME="Alpine Linux"
ID=alpine
VERSION_ID=3.7.0
PRETTY_NAME="Alpine Linux v3.7"
HOME_URL="http://alpinelinux.org"
BUG_REPORT_URL="http://bugs.alpinelinux.org"

uname:Linux 4.13.0-41-generic #46~16.04.1-Ubuntu SMP Thu May 3 10:06:43 UTC 2018 x86_64
libc:glibc 2.27 NPTL 2.27 
rlimit: STACK 8192k, CORE infinity, NPROC infinity, NOFILE 1048576, AS infinity
load average:6.35 4.06 2.45

/proc/meminfo:
MemTotal:        7935176 kB
MemFree:          117876 kB
MemAvailable:      19708 kB
Buffers:             596 kB
Cached:           886884 kB
SwapCached:            0 kB
Active:          6623432 kB
Inactive:         859908 kB
Active(anon):    6612524 kB
Inactive(anon):   847276 kB
Active(file):      10908 kB
Inactive(file):    12632 kB
Unevictable:          96 kB
Mlocked:              96 kB
SwapTotal:             0 kB
SwapFree:              0 kB
Dirty:               204 kB
Writeback:             0 kB
AnonPages:       6595964 kB
Mapped:           384428 kB
Shmem:            863944 kB
Slab:             166976 kB
SReclaimable:      60844 kB
SUnreclaim:       106132 kB
KernelStack:       19008 kB
PageTables:        75344 kB
NFS_Unstable:          0 kB
Bounce:                0 kB
WritebackTmp:          0 kB
CommitLimit:     3967588 kB
Committed_AS:   16343464 kB
VmallocTotal:   34359738367 kB
VmallocUsed:           0 kB
VmallocChunk:          0 kB
HardwareCorrupted:     0 kB
AnonHugePages:         0 kB
ShmemHugePages:        0 kB
ShmemPmdMapped:        0 kB
CmaTotal:              0 kB
CmaFree:               0 kB
HugePages_Total:       0
HugePages_Free:        0
HugePages_Rsvd:        0
HugePages_Surp:        0
Hugepagesize:       2048 kB
DirectMap4k:      219988 kB
DirectMap2M:     6885376 kB
DirectMap1G:     1048576 kB


CPU:total 4 (initial active 4) (2 cores per cpu, 2 threads per core) family 6 model 78 stepping 3, cmov, cx8, fxsr, mmx, sse, sse2, sse3, ssse3, sse4.1, sse4.2, popcnt, avx, avx2, aes, clmul, erms, 3dnowpref, lzcnt, ht, tsc, tscinvbit, bmi1, bmi2, adx

/proc/cpuinfo:
processor	: 0
vendor_id	: GenuineIntel
cpu family	: 6
model		: 78
model name	: Intel(R) Core(TM) i5-6200U CPU @ 2.30GHz
stepping	: 3
microcode	: 0xc2
cpu MHz		: 2574.280
cache size	: 3072 KB
physical id	: 0
siblings	: 4
core id		: 0
cpu cores	: 2
apicid		: 0
initial apicid	: 0
fpu		: yes
fpu_exception	: yes
cpuid level	: 22
wp		: yes
flags		: fpu vme de pse tsc msr pae mce cx8 apic sep mtrr pge mca cmov pat pse36 clflush dts acpi mmx fxsr sse sse2 ss ht tm pbe syscall nx pdpe1gb rdtscp lm constant_tsc art arch_perfmon pebs bts rep_good nopl xtopology nonstop_tsc cpuid aperfmperf tsc_known_freq pni pclmulqdq dtes64 monitor ds_cpl vmx est tm2 ssse3 sdbg fma cx16 xtpr pdcm pcid sse4_1 sse4_2 x2apic movbe popcnt tsc_deadline_timer aes xsave avx f16c rdrand lahf_lm abm 3dnowprefetch cpuid_fault epb invpcid_single pti retpoline intel_pt rsb_ctxsw spec_ctrl tpr_shadow vnmi flexpriority ept vpid fsgsbase tsc_adjust bmi1 avx2 smep bmi2 erms invpcid mpx rdseed adx smap clflushopt xsaveopt xsavec xgetbv1 xsaves dtherm ida arat pln pts hwp hwp_notify hwp_act_window hwp_epp
bugs		: cpu_meltdown spectre_v1 spectre_v2
bogomips	: 4800.00
clflush size	: 64
cache_alignment	: 64
address sizes	: 39 bits physical, 48 bits virtual
power management:

processor	: 1
vendor_id	: GenuineIntel
cpu family	: 6
model		: 78
model name	: Intel(R) Core(TM) i5-6200U CPU @ 2.30GHz
stepping	: 3
microcode	: 0xc2
cpu MHz		: 2559.143
cache size	: 3072 KB
physical id	: 0
siblings	: 4
core id		: 1
cpu cores	: 2
apicid		: 2
initial apicid	: 2
fpu		: yes
fpu_exception	: yes
cpuid level	: 22
wp		: yes
flags		: fpu vme de pse tsc msr pae mce cx8 apic sep mtrr pge mca cmov pat pse36 clflush dts acpi mmx fxsr sse sse2 ss ht tm pbe syscall nx pdpe1gb rdtscp lm constant_tsc art arch_perfmon pebs bts rep_good nopl xtopology nonstop_tsc cpuid aperfmperf tsc_known_freq pni pclmulqdq dtes64 monitor ds_cpl vmx est tm2 ssse3 sdbg fma cx16 xtpr pdcm pcid sse4_1 sse4_2 x2apic movbe popcnt tsc_deadline_timer aes xsave avx f16c rdrand lahf_lm abm 3dnowprefetch cpuid_fault epb invpcid_single pti retpoline intel_pt rsb_ctxsw spec_ctrl tpr_shadow vnmi flexpriority ept vpid fsgsbase tsc_adjust bmi1 avx2 smep bmi2 erms invpcid mpx rdseed adx smap clflushopt xsaveopt xsavec xgetbv1 xsaves dtherm ida arat pln pts hwp hwp_notify hwp_act_window hwp_epp
bugs		: cpu_meltdown spectre_v1 spectre_v2
bogomips	: 4800.00
clflush size	: 64
cache_alignment	: 64
address sizes	: 39 bits physical, 48 bits virtual
power management:

processor	: 2
vendor_id	: GenuineIntel
cpu family	: 6
model		: 78
model name	: Intel(R) Core(TM) i5-6200U CPU @ 2.30GHz
stepping	: 3
microcode	: 0xc2
cpu MHz		: 2481.214
cache size	: 3072 KB
physical id	: 0
siblings	: 4
core id		: 0
cpu cores	: 2
apicid		: 1
initial apicid	: 1
fpu		: yes
fpu_exception	: yes
cpuid level	: 22
wp		: yes
flags		: fpu vme de pse tsc msr pae mce cx8 apic sep mtrr pge mca cmov pat pse36 clflush dts acpi mmx fxsr sse sse2 ss ht tm pbe syscall nx pdpe1gb rdtscp lm constant_tsc art arch_perfmon pebs bts rep_good nopl xtopology nonstop_tsc cpuid aperfmperf tsc_known_freq pni pclmulqdq dtes64 monitor ds_cpl vmx est tm2 ssse3 sdbg fma cx16 xtpr pdcm pcid sse4_1 sse4_2 x2apic movbe popcnt tsc_deadline_timer aes xsave avx f16c rdrand lahf_lm abm 3dnowprefetch cpuid_fault epb invpcid_single pti retpoline intel_pt rsb_ctxsw spec_ctrl tpr_shadow vnmi flexpriority ept vpid fsgsbase tsc_adjust bmi1 avx2 smep bmi2 erms invpcid mpx rdseed adx smap clflushopt xsaveopt xsavec xgetbv1 xsaves dtherm ida arat pln pts hwp hwp_notify hwp_act_window hwp_epp
bugs		: cpu_meltdown spectre_v1 spectre_v2
bogomips	: 4800.00
clflush size	: 64
cache_alignment	: 64
address sizes	: 39 bits physical, 48 bits virtual
power management:

processor	: 3
vendor_id	: GenuineIntel
cpu family	: 6
model		: 78
model name	: Intel(R) Core(TM) i5-6200U CPU @ 2.30GHz
stepping	: 3
microcode	: 0xc2
cpu MHz		: 2611.853
cache size	: 3072 KB
physical id	: 0
siblings	: 4
core id		: 1
cpu cores	: 2
apicid		: 3
initial apicid	: 3
fpu		: yes
fpu_exception	: yes
cpuid level	: 22
wp		: yes
flags		: fpu vme de pse tsc msr pae mce cx8 apic sep mtrr pge mca cmov pat pse36 clflush dts acpi mmx fxsr sse sse2 ss ht tm pbe syscall nx pdpe1gb rdtscp lm constant_tsc art arch_perfmon pebs bts rep_good nopl xtopology nonstop_tsc cpuid aperfmperf tsc_known_freq pni pclmulqdq dtes64 monitor ds_cpl vmx est tm2 ssse3 sdbg fma cx16 xtpr pdcm pcid sse4_1 sse4_2 x2apic movbe popcnt tsc_deadline_timer aes xsave avx f16c rdrand lahf_lm abm 3dnowprefetch cpuid_fault epb invpcid_single pti retpoline intel_pt rsb_ctxsw spec_ctrl tpr_shadow vnmi flexpriority ept vpid fsgsbase tsc_adjust bmi1 avx2 smep bmi2 erms invpcid mpx rdseed adx smap clflushopt xsaveopt xsavec xgetbv1 xsaves dtherm ida arat pln pts hwp hwp_notify hwp_act_window hwp_epp
bugs		: cpu_meltdown spectre_v1 spectre_v2
bogomips	: 4800.00
clflush size	: 64
cache_alignment	: 64
address sizes	: 39 bits physical, 48 bits virtual
power management:



Memory: 4k page, physical 7935176k(120832k free), swap 0k(0k free)

vm_info: Java HotSpot(TM) 64-Bit Server VM (25.172-b11) for linux-amd64 JRE (1.8.0_172-b11), built on Mar 28 2018 21:44:09 by "java_re" with gcc 4.3.0 20080428 (Red Hat 4.3.0-8)

time: Mon May 21 06:12:39 2018
elapsed time: 24 seconds (0d 0h 0m 24s)

