#
# There is insufficient memory for the Java Runtime Environment to continue.
# Native memory allocation (mmap) failed to map 85458944 bytes for committing reserved memory.
# Possible reasons:
#   The system is out of physical RAM or swap space
#   In 32 bit mode, the process size limit was hit
# Possible solutions:
#   Reduce memory load on the system
#   Increase physical memory or swap space
#   Check if swap backing store is full
#   Use 64 bit Java on a 64 bit OS
#   Decrease Java heap size (-Xmx/-Xms)
#   Decrease number of Java threads
#   Decrease Java thread stack sizes (-Xss)
#   Set larger code cache with -XX:ReservedCodeCacheSize=
# This output file may be truncated or incomplete.
#
#  Out of Memory Error (os_linux.cpp:2640), pid=76, tid=0x00007f4b64d42700
#
# JRE version:  (8.0_172-b11) (build )
# Java VM: Java HotSpot(TM) 64-Bit Server VM (25.172-b11 mixed mode linux-amd64 compressed oops)
# Core dump written. Default location: /app/core or core.76
#

---------------  T H R E A D  ---------------

Current thread (0x00007f4b5c013000):  JavaThread "Unknown thread" [_thread_in_vm, id=80, stack(0x00007f4b64c43000,0x00007f4b64d43000)]

Stack: [0x00007f4b64c43000,0x00007f4b64d43000],  sp=0x00007f4b64d41370,  free space=1016k
Native frames: (J=compiled Java code, j=interpreted, Vv=VM code, C=native code)
V  [libjvm.so+0xad221a]  VMError::report_and_die()+0x2ba
V  [libjvm.so+0x50185b]  report_vm_out_of_memory(char const*, int, unsigned long, VMErrorType, char const*)+0x8b
V  [libjvm.so+0x92fee3]  os::Linux::commit_memory_impl(char*, unsigned long, bool)+0x123
V  [libjvm.so+0x930109]  os::pd_commit_memory(char*, unsigned long, unsigned long, bool)+0x29
V  [libjvm.so+0x9273ca]  os::commit_memory(char*, unsigned long, unsigned long, bool)+0x2a
V  [libjvm.so+0x99d363]  PSVirtualSpace::expand_by(unsigned long)+0x53
V  [libjvm.so+0x98d477]  PSOldGen::initialize(ReservedSpace, unsigned long, char const*, int)+0xb7
V  [libjvm.so+0x2dbb8a]  AdjoiningGenerations::AdjoiningGenerations(ReservedSpace, GenerationSizer*, unsigned long)+0x39a
V  [libjvm.so+0x9514a6]  ParallelScavengeHeap::initialize()+0x1d6
V  [libjvm.so+0xa9a253]  Universe::initialize_heap()+0xf3
V  [libjvm.so+0xa9a7be]  universe_init()+0x3e
V  [libjvm.so+0x643de5]  init_globals()+0x65
V  [libjvm.so+0xa7ef7e]  Threads::create_vm(JavaVMInitArgs*, bool*)+0x23e
V  [libjvm.so+0x6d8b34]  JNI_CreateJavaVM+0x74
C  [libjli.so+0x797e]  JavaMain+0x9e
C  [libpthread.so.0+0x7587]


---------------  P R O C E S S  ---------------

Java Threads: ( => current thread )

Other Threads:

=>0x00007f4b5c013000 (exited) JavaThread "Unknown thread" [_thread_in_vm, id=80, stack(0x00007f4b64c43000,0x00007f4b64d43000)]

VM state:not at safepoint (not fully initialized)

VM Mutex/Monitor currently owned by a thread: None

GC Heap History (0 events):
No events

Deoptimization events (0 events):
No events

Classes redefined (0 events):
No events

Internal exceptions (0 events):
No events

Events (0 events):
No events


Dynamic libraries:
00400000-00401000 r-xp 00000000 08:04 961402                             /opt/jdk1.8.0_172/bin/java
00600000-00601000 rw-p 00000000 08:04 961402                             /opt/jdk1.8.0_172/bin/java
023a7000-023c8000 rw-p 00000000 00:00 0                                  [heap]
8bf80000-d7a00000 ---p 00000000 00:00 0 
d7a00000-da280000 rw-p 00000000 00:00 0 
da280000-100000000 ---p 00000000 00:00 0 
7f4b4d000000-7f4b4d270000 rwxp 00000000 00:00 0 
7f4b4d270000-7f4b5c000000 ---p 00000000 00:00 0 
7f4b5c000000-7f4b5c035000 rw-p 00000000 00:00 0 
7f4b5c035000-7f4b60000000 ---p 00000000 00:00 0 
7f4b6191c000-7f4b61ba7000 rw-p 00000000 00:00 0 
7f4b61ba7000-7f4b61e2d000 ---p 00000000 00:00 0 
7f4b61e2d000-7f4b61e42000 rw-p 00000000 00:00 0 
7f4b61e42000-7f4b61f70000 ---p 00000000 00:00 0 
7f4b61f70000-7f4b61f7b000 rw-p 00000000 00:00 0 
7f4b61f7b000-7f4b62331000 ---p 00000000 00:00 0 
7f4b62331000-7f4b6234c000 r-xp 00000000 08:04 961557                     /opt/jdk1.8.0_172/jre/lib/amd64/libzip.so
7f4b6234c000-7f4b6254c000 ---p 0001b000 08:04 961557                     /opt/jdk1.8.0_172/jre/lib/amd64/libzip.so
7f4b6254c000-7f4b6254d000 rw-p 0001b000 08:04 961557                     /opt/jdk1.8.0_172/jre/lib/amd64/libzip.so
7f4b6254d000-7f4b62558000 r-xp 00000000 08:04 1075216                    /usr/glibc-compat/lib/libnss_files-2.27.so
7f4b62558000-7f4b62757000 ---p 0000b000 08:04 1075216                    /usr/glibc-compat/lib/libnss_files-2.27.so
7f4b62757000-7f4b62758000 r--p 0000a000 08:04 1075216                    /usr/glibc-compat/lib/libnss_files-2.27.so
7f4b62758000-7f4b62759000 rw-p 0000b000 08:04 1075216                    /usr/glibc-compat/lib/libnss_files-2.27.so
7f4b62759000-7f4b6275f000 rw-p 00000000 00:00 0 
7f4b6275f000-7f4b6278a000 r-xp 00000000 08:04 961531                     /opt/jdk1.8.0_172/jre/lib/amd64/libjava.so
7f4b6278a000-7f4b62989000 ---p 0002b000 08:04 961531                     /opt/jdk1.8.0_172/jre/lib/amd64/libjava.so
7f4b62989000-7f4b6298b000 rw-p 0002a000 08:04 961531                     /opt/jdk1.8.0_172/jre/lib/amd64/libjava.so
7f4b6298b000-7f4b62998000 r-xp 00000000 08:04 961556                     /opt/jdk1.8.0_172/jre/lib/amd64/libverify.so
7f4b62998000-7f4b62b98000 ---p 0000d000 08:04 961556                     /opt/jdk1.8.0_172/jre/lib/amd64/libverify.so
7f4b62b98000-7f4b62b9a000 rw-p 0000d000 08:04 961556                     /opt/jdk1.8.0_172/jre/lib/amd64/libverify.so
7f4b62b9a000-7f4b62ba1000 r-xp 00000000 08:04 1075229                    /usr/glibc-compat/lib/librt-2.27.so
7f4b62ba1000-7f4b62da0000 ---p 00007000 08:04 1075229                    /usr/glibc-compat/lib/librt-2.27.so
7f4b62da0000-7f4b62da1000 r--p 00006000 08:04 1075229                    /usr/glibc-compat/lib/librt-2.27.so
7f4b62da1000-7f4b62da2000 rw-p 00007000 08:04 1075229                    /usr/glibc-compat/lib/librt-2.27.so
7f4b62da2000-7f4b62f36000 r-xp 00000000 08:04 1075198                    /usr/glibc-compat/lib/libm-2.27.so
7f4b62f36000-7f4b63135000 ---p 00194000 08:04 1075198                    /usr/glibc-compat/lib/libm-2.27.so
7f4b63135000-7f4b63136000 r--p 00193000 08:04 1075198                    /usr/glibc-compat/lib/libm-2.27.so
7f4b63136000-7f4b63137000 rw-p 00194000 08:04 1075198                    /usr/glibc-compat/lib/libm-2.27.so
7f4b63137000-7f4b63e13000 r-xp 00000000 08:04 961561                     /opt/jdk1.8.0_172/jre/lib/amd64/server/libjvm.so
7f4b63e13000-7f4b64013000 ---p 00cdc000 08:04 961561                     /opt/jdk1.8.0_172/jre/lib/amd64/server/libjvm.so
7f4b64013000-7f4b640ed000 rw-p 00cdc000 08:04 961561                     /opt/jdk1.8.0_172/jre/lib/amd64/server/libjvm.so
7f4b640ed000-7f4b64138000 rw-p 00000000 00:00 0 
7f4b64138000-7f4b642e3000 r-xp 00000000 08:04 1075186                    /usr/glibc-compat/lib/libc-2.27.so
7f4b642e3000-7f4b644e3000 ---p 001ab000 08:04 1075186                    /usr/glibc-compat/lib/libc-2.27.so
7f4b644e3000-7f4b644e7000 r--p 001ab000 08:04 1075186                    /usr/glibc-compat/lib/libc-2.27.so
7f4b644e7000-7f4b644e9000 rw-p 001af000 08:04 1075186                    /usr/glibc-compat/lib/libc-2.27.so
7f4b644e9000-7f4b644ed000 rw-p 00000000 00:00 0 
7f4b644ed000-7f4b644f0000 r-xp 00000000 08:04 1075195                    /usr/glibc-compat/lib/libdl-2.27.so
7f4b644f0000-7f4b646ef000 ---p 00003000 08:04 1075195                    /usr/glibc-compat/lib/libdl-2.27.so
7f4b646ef000-7f4b646f0000 r--p 00002000 08:04 1075195                    /usr/glibc-compat/lib/libdl-2.27.so
7f4b646f0000-7f4b646f1000 rw-p 00003000 08:04 1075195                    /usr/glibc-compat/lib/libdl-2.27.so
7f4b646f1000-7f4b64707000 r-xp 00000000 08:04 961709                     /opt/jdk1.8.0_172/lib/amd64/jli/libjli.so
7f4b64707000-7f4b64906000 ---p 00016000 08:04 961709                     /opt/jdk1.8.0_172/lib/amd64/jli/libjli.so
7f4b64906000-7f4b64907000 rw-p 00015000 08:04 961709                     /opt/jdk1.8.0_172/lib/amd64/jli/libjli.so
7f4b64907000-7f4b64920000 r-xp 00000000 08:04 1075223                    /usr/glibc-compat/lib/libpthread-2.27.so
7f4b64920000-7f4b64b1f000 ---p 00019000 08:04 1075223                    /usr/glibc-compat/lib/libpthread-2.27.so
7f4b64b1f000-7f4b64b20000 r--p 00018000 08:04 1075223                    /usr/glibc-compat/lib/libpthread-2.27.so
7f4b64b20000-7f4b64b21000 rw-p 00019000 08:04 1075223                    /usr/glibc-compat/lib/libpthread-2.27.so
7f4b64b21000-7f4b64b25000 rw-p 00000000 00:00 0 
7f4b64b25000-7f4b64b4a000 r-xp 00000000 08:04 1075177                    /usr/glibc-compat/lib/ld-2.27.so
7f4b64c3a000-7f4b64c42000 rw-s 00000000 08:04 412781                     /tmp/hsperfdata_root/76
7f4b64c42000-7f4b64c43000 ---p 00000000 00:00 0 
7f4b64c43000-7f4b64c46000 ---p 00000000 00:00 0 
7f4b64c46000-7f4b64d48000 rw-p 00000000 00:00 0 
7f4b64d48000-7f4b64d49000 r--p 00000000 00:00 0 
7f4b64d49000-7f4b64d4a000 r--p 00024000 08:04 1075177                    /usr/glibc-compat/lib/ld-2.27.so
7f4b64d4a000-7f4b64d4b000 rw-p 00025000 08:04 1075177                    /usr/glibc-compat/lib/ld-2.27.so
7f4b64d4b000-7f4b64d4c000 rw-p 00000000 00:00 0 
7ffea386d000-7ffea3892000 rw-p 00000000 00:00 0                          [stack]
7ffea38d1000-7ffea38d4000 r--p 00000000 00:00 0                          [vvar]
7ffea38d4000-7ffea38d6000 r-xp 00000000 00:00 0                          [vdso]
ffffffffff600000-ffffffffff601000 r-xp 00000000 00:00 0                  [vsyscall]

VM Arguments:
jvm_args: -Dfile.encoding=UTF-8 -Duser.country -Duser.language=en -Duser.variant 
java_command: com.example.apigateway.ZuulGatewayApplication
java_class_path (initial): /app/build/classes/java/main:/app/build/resources/main:/app/cache/caches/modules-2/files-2.1/org.springframework.cloud/spring-cloud-starter-zuul/1.4.0.RELEASE/4e21d5212ab09f5a263fb480fe1a6920417299c9/spring-cloud-starter-zuul-1.4.0.RELEASE.jar:/app/cache/caches/modules-2/files-2.1/org.springframework.cloud/spring-cloud-starter-eureka/1.4.0.RELEASE/d786de8c09734870d3e7679db2324cc7564a9df4/spring-cloud-starter-eureka-1.4.0.RELEASE.jar:/app/cache/caches/modules-2/files-2.1/org.springframework.cloud/spring-cloud-starter-netflix-zuul/1.4.0.RELEASE/376417e8c45718ee7b30039127b8e4abe7bb4442/spring-cloud-starter-netflix-zuul-1.4.0.RELEASE.jar:/app/cache/caches/modules-2/files-2.1/org.springframework.cloud/spring-cloud-starter-netflix-eureka-client/1.4.0.RELEASE/9d70a14b1898c988259767b3be700fb1469c955a/spring-cloud-starter-netflix-eureka-client-1.4.0.RELEASE.jar:/app/cache/caches/modules-2/files-2.1/org.springframework.cloud/spring-cloud-starter-netflix-hystrix/1.4.0.RELEASE/d122c17820c89a02efba326fc8827fcfe16679d9/spring-cloud-starter-netflix-hystrix-1.4.0.RELEASE.jar:/app/cache/caches/modules-2/files-2.1/org.springframework.cloud/spring-cloud-starter-netflix-ribbon/1.4.0.RELEASE/cd8fb40e62f8480a5fad90e355a2cb7b3ed382b3/spring-cloud-starter-netflix-ribbon-1.4.0.RELEASE.jar:/app/cache/caches/modules-2/files-2.1/org.springframework.cloud/spring-cloud-starter-netflix-archaius/1.4.0.RELEASE/7986096a2f72bc4e60d512fd015a18df68f1a057/spring-cloud-starter-netflix-archaius-1.4.0.RELEASE.jar:/app/cache/caches/modules-2/files-2.1/org.springframework.cloud/spring-cloud-starter/1.3.0.RELEASE/4e77ffd84269a271c1bda469e0cd718653ab8bd1/spring-cloud-starter-1.3.0.RELEASE.jar:/app/cache/caches/modules-2/files-2.1/org.springframework.boot/spring-boot-starter-web/1.5.8.RELEASE/7e0dc79e3b47be4539ad3c033639133ae6b7a17e/spring-boot-starter-web-1.5.8.RELEASE.jar:/app/cache/caches/modules-2/files-2.1/org.springframework.boot/spring-boot-starter-actuator/1.5.8.RELEASE/927c
Launcher Type: SUN_STANDARD

Environment Variables:
JAVA_HOME=/opt/jdk
PATH=/usr/local/sbin:/usr/local/bin:/usr/sbin:/usr/bin:/sbin:/bin:/opt/jdk/bin

Signal Handlers:
SIGSEGV: [libjvm.so+0xad2ab0], sa_mask[0]=11111111011111111101111111111110, sa_flags=SA_RESTART|SA_SIGINFO
SIGBUS: [libjvm.so+0xad2ab0], sa_mask[0]=11111111011111111101111111111110, sa_flags=SA_RESTART|SA_SIGINFO
SIGFPE: [libjvm.so+0x92a790], sa_mask[0]=11111111011111111101111111111110, sa_flags=SA_RESTART|SA_SIGINFO
SIGPIPE: [libjvm.so+0x92a790], sa_mask[0]=11111111011111111101111111111110, sa_flags=SA_RESTART|SA_SIGINFO
SIGXFSZ: [libjvm.so+0x92a790], sa_mask[0]=11111111011111111101111111111110, sa_flags=SA_RESTART|SA_SIGINFO
SIGILL: [libjvm.so+0x92a790], sa_mask[0]=11111111011111111101111111111110, sa_flags=SA_RESTART|SA_SIGINFO
SIGUSR1: SIG_DFL, sa_mask[0]=00000000000000000000000000000000, sa_flags=none
SIGUSR2: [libjvm.so+0x92bff0], sa_mask[0]=00100000000000000000000000000000, sa_flags=SA_RESTART|SA_SIGINFO
SIGHUP: SIG_DFL, sa_mask[0]=00000000000000000000000000000000, sa_flags=none
SIGINT: SIG_DFL, sa_mask[0]=00000000000000000000000000000000, sa_flags=none
SIGTERM: SIG_DFL, sa_mask[0]=00000000000000000000000000000000, sa_flags=none
SIGQUIT: SIG_DFL, sa_mask[0]=00000000000000000000000000000000, sa_flags=none


---------------  S Y S T E M  ---------------

OS:NAME="Alpine Linux"
ID=alpine
VERSION_ID=3.7.0
PRETTY_NAME="Alpine Linux v3.7"
HOME_URL="http://alpinelinux.org"
BUG_REPORT_URL="http://bugs.alpinelinux.org"

uname:Linux 4.13.0-41-generic #46~16.04.1-Ubuntu SMP Thu May 3 10:06:43 UTC 2018 x86_64
libc:glibc 2.27 NPTL 2.27 
rlimit: STACK 8192k, CORE infinity, NPROC infinity, NOFILE 1048576, AS infinity
load average:5.70 2.40 1.63

/proc/meminfo:
MemTotal:        7935184 kB
MemFree:          120752 kB
MemAvailable:      27756 kB
Buffers:             584 kB
Cached:          1064660 kB
SwapCached:            0 kB
Active:          6368052 kB
Inactive:        1021832 kB
Active(anon):    6355696 kB
Inactive(anon):  1005472 kB
Active(file):      12356 kB
Inactive(file):    16360 kB
Unevictable:          96 kB
Mlocked:              96 kB
SwapTotal:             0 kB
SwapFree:              0 kB
Dirty:                44 kB
Writeback:             0 kB
AnonPages:       6325048 kB
Mapped:           487688 kB
Shmem:           1036216 kB
Slab:             218348 kB
SReclaimable:      65816 kB
SUnreclaim:       152532 kB
KernelStack:       22304 kB
PageTables:        94924 kB
NFS_Unstable:          0 kB
Bounce:                0 kB
WritebackTmp:          0 kB
CommitLimit:     3967592 kB
Committed_AS:   18489380 kB
VmallocTotal:   34359738367 kB
VmallocUsed:           0 kB
VmallocChunk:          0 kB
HardwareCorrupted:     0 kB
AnonHugePages:         0 kB
ShmemHugePages:        0 kB
ShmemPmdMapped:        0 kB
CmaTotal:              0 kB
CmaFree:               0 kB
HugePages_Total:       0
HugePages_Free:        0
HugePages_Rsvd:        0
HugePages_Surp:        0
Hugepagesize:       2048 kB
DirectMap4k:      674644 kB
DirectMap2M:     7479296 kB
DirectMap1G:           0 kB


CPU:total 4 (initial active 4) (2 cores per cpu, 2 threads per core) family 6 model 78 stepping 3, cmov, cx8, fxsr, mmx, sse, sse2, sse3, ssse3, sse4.1, sse4.2, popcnt, avx, avx2, aes, clmul, erms, 3dnowpref, lzcnt, ht, tsc, tscinvbit, bmi1, bmi2, adx

/proc/cpuinfo:
processor	: 0
vendor_id	: GenuineIntel
cpu family	: 6
model		: 78
model name	: Intel(R) Core(TM) i5-6200U CPU @ 2.30GHz
stepping	: 3
microcode	: 0xc2
cpu MHz		: 2586.656
cache size	: 3072 KB
physical id	: 0
siblings	: 4
core id		: 0
cpu cores	: 2
apicid		: 0
initial apicid	: 0
fpu		: yes
fpu_exception	: yes
cpuid level	: 22
wp		: yes
flags		: fpu vme de pse tsc msr pae mce cx8 apic sep mtrr pge mca cmov pat pse36 clflush dts acpi mmx fxsr sse sse2 ss ht tm pbe syscall nx pdpe1gb rdtscp lm constant_tsc art arch_perfmon pebs bts rep_good nopl xtopology nonstop_tsc cpuid aperfmperf tsc_known_freq pni pclmulqdq dtes64 monitor ds_cpl vmx est tm2 ssse3 sdbg fma cx16 xtpr pdcm pcid sse4_1 sse4_2 x2apic movbe popcnt tsc_deadline_timer aes xsave avx f16c rdrand lahf_lm abm 3dnowprefetch cpuid_fault epb invpcid_single pti retpoline intel_pt rsb_ctxsw spec_ctrl tpr_shadow vnmi flexpriority ept vpid fsgsbase tsc_adjust bmi1 avx2 smep bmi2 erms invpcid mpx rdseed adx smap clflushopt xsaveopt xsavec xgetbv1 xsaves dtherm ida arat pln pts hwp hwp_notify hwp_act_window hwp_epp
bugs		: cpu_meltdown spectre_v1 spectre_v2
bogomips	: 4800.00
clflush size	: 64
cache_alignment	: 64
address sizes	: 39 bits physical, 48 bits virtual
power management:

processor	: 1
vendor_id	: GenuineIntel
cpu family	: 6
model		: 78
model name	: Intel(R) Core(TM) i5-6200U CPU @ 2.30GHz
stepping	: 3
microcode	: 0xc2
cpu MHz		: 2558.438
cache size	: 3072 KB
physical id	: 0
siblings	: 4
core id		: 1
cpu cores	: 2
apicid		: 2
initial apicid	: 2
fpu		: yes
fpu_exception	: yes
cpuid level	: 22
wp		: yes
flags		: fpu vme de pse tsc msr pae mce cx8 apic sep mtrr pge mca cmov pat pse36 clflush dts acpi mmx fxsr sse sse2 ss ht tm pbe syscall nx pdpe1gb rdtscp lm constant_tsc art arch_perfmon pebs bts rep_good nopl xtopology nonstop_tsc cpuid aperfmperf tsc_known_freq pni pclmulqdq dtes64 monitor ds_cpl vmx est tm2 ssse3 sdbg fma cx16 xtpr pdcm pcid sse4_1 sse4_2 x2apic movbe popcnt tsc_deadline_timer aes xsave avx f16c rdrand lahf_lm abm 3dnowprefetch cpuid_fault epb invpcid_single pti retpoline intel_pt rsb_ctxsw spec_ctrl tpr_shadow vnmi flexpriority ept vpid fsgsbase tsc_adjust bmi1 avx2 smep bmi2 erms invpcid mpx rdseed adx smap clflushopt xsaveopt xsavec xgetbv1 xsaves dtherm ida arat pln pts hwp hwp_notify hwp_act_window hwp_epp
bugs		: cpu_meltdown spectre_v1 spectre_v2
bogomips	: 4800.00
clflush size	: 64
cache_alignment	: 64
address sizes	: 39 bits physical, 48 bits virtual
power management:

processor	: 2
vendor_id	: GenuineIntel
cpu family	: 6
model		: 78
model name	: Intel(R) Core(TM) i5-6200U CPU @ 2.30GHz
stepping	: 3
microcode	: 0xc2
cpu MHz		: 2560.019
cache size	: 3072 KB
physical id	: 0
siblings	: 4
core id		: 0
cpu cores	: 2
apicid		: 1
initial apicid	: 1
fpu		: yes
fpu_exception	: yes
cpuid level	: 22
wp		: yes
flags		: fpu vme de pse tsc msr pae mce cx8 apic sep mtrr pge mca cmov pat pse36 clflush dts acpi mmx fxsr sse sse2 ss ht tm pbe syscall nx pdpe1gb rdtscp lm constant_tsc art arch_perfmon pebs bts rep_good nopl xtopology nonstop_tsc cpuid aperfmperf tsc_known_freq pni pclmulqdq dtes64 monitor ds_cpl vmx est tm2 ssse3 sdbg fma cx16 xtpr pdcm pcid sse4_1 sse4_2 x2apic movbe popcnt tsc_deadline_timer aes xsave avx f16c rdrand lahf_lm abm 3dnowprefetch cpuid_fault epb invpcid_single pti retpoline intel_pt rsb_ctxsw spec_ctrl tpr_shadow vnmi flexpriority ept vpid fsgsbase tsc_adjust bmi1 avx2 smep bmi2 erms invpcid mpx rdseed adx smap clflushopt xsaveopt xsavec xgetbv1 xsaves dtherm ida arat pln pts hwp hwp_notify hwp_act_window hwp_epp
bugs		: cpu_meltdown spectre_v1 spectre_v2
bogomips	: 4800.00
clflush size	: 64
cache_alignment	: 64
address sizes	: 39 bits physical, 48 bits virtual
power management:

processor	: 3
vendor_id	: GenuineIntel
cpu family	: 6
model		: 78
model name	: Intel(R) Core(TM) i5-6200U CPU @ 2.30GHz
stepping	: 3
microcode	: 0xc2
cpu MHz		: 2556.342
cache size	: 3072 KB
physical id	: 0
siblings	: 4
core id		: 1
cpu cores	: 2
apicid		: 3
initial apicid	: 3
fpu		: yes
fpu_exception	: yes
cpuid level	: 22
wp		: yes
flags		: fpu vme de pse tsc msr pae mce cx8 apic sep mtrr pge mca cmov pat pse36 clflush dts acpi mmx fxsr sse sse2 ss ht tm pbe syscall nx pdpe1gb rdtscp lm constant_tsc art arch_perfmon pebs bts rep_good nopl xtopology nonstop_tsc cpuid aperfmperf tsc_known_freq pni pclmulqdq dtes64 monitor ds_cpl vmx est tm2 ssse3 sdbg fma cx16 xtpr pdcm pcid sse4_1 sse4_2 x2apic movbe popcnt tsc_deadline_timer aes xsave avx f16c rdrand lahf_lm abm 3dnowprefetch cpuid_fault epb invpcid_single pti retpoline intel_pt rsb_ctxsw spec_ctrl tpr_shadow vnmi flexpriority ept vpid fsgsbase tsc_adjust bmi1 avx2 smep bmi2 erms invpcid mpx rdseed adx smap clflushopt xsaveopt xsavec xgetbv1 xsaves dtherm ida arat pln pts hwp hwp_notify hwp_act_window hwp_epp
bugs		: cpu_meltdown spectre_v1 spectre_v2
bogomips	: 4800.00
clflush size	: 64
cache_alignment	: 64
address sizes	: 39 bits physical, 48 bits virtual
power management:



Memory: 4k page, physical 7935184k(118984k free), swap 0k(0k free)

vm_info: Java HotSpot(TM) 64-Bit Server VM (25.172-b11) for linux-amd64 JRE (1.8.0_172-b11), built on Mar 28 2018 21:44:09 by "java_re" with gcc 4.3.0 20080428 (Red Hat 4.3.0-8)

time: Tue May 22 00:46:49 2018
elapsed time: 0 seconds (0d 0h 0m 0s)

